20:54:23  INFO      Loaded active universe: 1915 tickers from active_universe.json
INFO:     Started server process [67444]
INFO:     Waiting for application startup.
20:54:23  INFO      SQLite DB initialised at trading.db
INFO:     Application startup complete.
INFO:     Uvicorn running on http://0.0.0.0:8001 (Press CTRL+C to quit)
INFO:     127.0.0.1:50969 - "GET /api/health HTTP/1.1" 200 OK
INFO:     127.0.0.1:50990 - "POST /api/run-scan HTTP/1.1" 200 OK
20:54:32  INFO      \u25b6 Scan started  ts=2026-02-21T18:54:32  tickers=1915
20:54:33  INFO      Engine 0: BULLISH  (SPY=689.43  EMA20=687.61)  [0.8s]
20:54:33  INFO      SPY fetch completed  [0.3s]
20:54:34  INFO        NEAR     ABBV    dist=0.8%
20:54:34  INFO        NEAR     ADC     dist=0.5%
20:54:35  INFO        NEAR     ADMA    dist=0.5%
20:54:35  INFO        NEAR     AESI    dist=1.1%
20:54:36  INFO        NEAR     AFRM    dist=1.1%
20:54:37  INFO        NEAR     AMBA    dist=1.1%
20:54:39  INFO        PULLBACK ARI     entry=10.66 (relaxed)
20:54:40  INFO        BASE     AXGN    FLAT_BASE  Q=7  entry=197.12
20:54:41  INFO        BASE     AVY     FLAT_BASE  Q=7  entry=197.12
20:54:41  INFO        BASE     AXON    FLAT_BASE  Q=7  entry=197.12
20:54:43  INFO        BASE     BNS     FLAT_BASE  Q=10  entry=77.86
20:54:44  INFO        NEAR     BSY     dist=0.4%
20:54:44  INFO        NEAR     BV      dist=0.7%
20:54:44  INFO        NEAR     BXP     dist=0.1%
20:54:45  INFO        NEAR     BYRN    dist=0.1%
20:54:45  INFO        NEAR     BYD     dist=0.1%
20:54:45  INFO        PULLBACK BXMT    entry=19.57 (relaxed)
20:54:47  INFO        BASE     CHD     FLAT_BASE  Q=9  entry=103.35
20:54:48  INFO        NEAR     CNTA    dist=0.5%
20:54:49  INFO        NEAR     COLD    dist=0.4%
20:54:49  INFO        NEAR     CON     dist=0.4%
20:54:49  INFO        NEAR     CPT     dist=1.0%
20:54:51  INFO        NEAR     CUK     dist=0.5%
20:54:51  INFO        NEAR     CVS     dist=1.1%
20:54:52  INFO        BASE     DBRG    FLAT_BASE  Q=23  entry=15.47
20:54:52  INFO        BASE     DCI     FLAT_BASE  Q=23  entry=15.47
20:54:54  INFO        BASE     DRI     FLAT_BASE  Q=18  entry=218.88
20:54:55  INFO        BASE     DVA     FLAT_BASE  Q=18  entry=218.88
20:54:55  INFO        BASE     DSL     FLAT_BASE  Q=18  entry=218.88
20:54:56  INFO        BASE     DUOL    FLAT_BASE  Q=18  entry=218.88
20:54:56  INFO        NEAR     ESNT    dist=1.3%
20:54:57  INFO        NEAR     ETHA    dist=0.1%
20:54:57  INFO        NEAR     ETHE    dist=0.2%
20:54:57  INFO        NEAR     ETOR    dist=0.2%
20:54:57  INFO        NEAR     ETSY    dist=0.2%
20:54:57  INFO        NEAR     DOC     dist=0.8%
20:54:57  INFO        NEAR     EXE     dist=0.2%
20:54:57  INFO        NEAR     ETH     dist=0.6%
20:54:58  ERROR     Error processing DHT: database is locked
20:54:58  ERROR     Traceback for DHT:
Traceback (most recent call last):
  File "C:\Users\1\OneDrive\Desktop\claudeSkillsTest\swing-trading-dashboard\backend\main.py", line 400, in _process
    await save_sr_zones(DB_PATH, scan_ts, ticker, zones)
  File "C:\Users\1\OneDrive\Desktop\claudeSkillsTest\swing-trading-dashboard\backend\database.py", line 224, in save_sr_zones
    await db.executemany(
  File "C:\python310\lib\site-packages\aiosqlite\core.py", line 249, in executemany
    cursor = await self._execute(self._conn.executemany, sql, parameters)
  File "C:\python310\lib\site-packages\aiosqlite\core.py", line 160, in _execute
    return await future
  File "C:\python310\lib\site-packages\aiosqlite\core.py", line 63, in _connection_worker_thread
    result = function()
sqlite3.OperationalError: database is locked

20:54:59  INFO        PULLBACK FHN     entry=25.32 (relaxed)
20:54:59  ERROR     Error processing DLO: database is locked
20:54:59  ERROR     Traceback for DLO:
Traceback (most recent call last):
  File "C:\Users\1\OneDrive\Desktop\claudeSkillsTest\swing-trading-dashboard\backend\main.py", line 400, in _process
    await save_sr_zones(DB_PATH, scan_ts, ticker, zones)
  File "C:\Users\1\OneDrive\Desktop\claudeSkillsTest\swing-trading-dashboard\backend\database.py", line 224, in save_sr_zones
    await db.executemany(
  File "C:\python310\lib\site-packages\aiosqlite\core.py", line 249, in executemany
    cursor = await self._execute(self._conn.executemany, sql, parameters)
  File "C:\python310\lib\site-packages\aiosqlite\core.py", line 160, in _execute
    return await future
  File "C:\python310\lib\site-packages\aiosqlite\core.py", line 63, in _connection_worker_thread
    result = function()
sqlite3.OperationalError: database is locked

20:54:59  INFO        PULLBACK FFIN    entry=33.74 (relaxed)
20:55:00  ERROR     Error processing DYN: database is locked
20:55:00  ERROR     Traceback for DYN:
Traceback (most recent call last):
  File "C:\Users\1\OneDrive\Desktop\claudeSkillsTest\swing-trading-dashboard\backend\main.py", line 400, in _process
    await save_sr_zones(DB_PATH, scan_ts, ticker, zones)
  File "C:\Users\1\OneDrive\Desktop\claudeSkillsTest\swing-trading-dashboard\backend\database.py", line 224, in save_sr_zones
    await db.executemany(
  File "C:\python310\lib\site-packages\aiosqlite\core.py", line 249, in executemany
    cursor = await self._execute(self._conn.executemany, sql, parameters)
  File "C:\python310\lib\site-packages\aiosqlite\core.py", line 160, in _execute
    return await future
  File "C:\python310\lib\site-packages\aiosqlite\core.py", line 63, in _connection_worker_thread
    result = function()
sqlite3.OperationalError: database is locked

20:55:01  INFO        NEAR     FWONK   dist=0.6%
20:55:01  INFO        BASE     GAP     FLAT_BASE  Q=8  entry=29.16
20:55:03  ERROR     Error processing FANG: database is locked
20:55:03  ERROR     Traceback for FANG:
Traceback (most recent call last):
  File "C:\Users\1\OneDrive\Desktop\claudeSkillsTest\swing-trading-dashboard\backend\main.py", line 400, in _process
    await save_sr_zones(DB_PATH, scan_ts, ticker, zones)
  File "C:\Users\1\OneDrive\Desktop\claudeSkillsTest\swing-trading-dashboard\backend\database.py", line 224, in save_sr_zones
    await db.executemany(
  File "C:\python310\lib\site-packages\aiosqlite\core.py", line 249, in executemany
    cursor = await self._execute(self._conn.executemany, sql, parameters)
  File "C:\python310\lib\site-packages\aiosqlite\core.py", line 160, in _execute
    return await future
  File "C:\python310\lib\site-packages\aiosqlite\core.py", line 63, in _connection_worker_thread
    result = function()
sqlite3.OperationalError: database is locked

20:55:05  INFO        PULLBACK HD      entry=385.20 (relaxed)
20:55:05  INFO        PULLBACK HESM    entry=385.20 (relaxed)
20:55:05  INFO        PULLBACK HELE    entry=385.20 (relaxed)
20:55:05  WARNING   Fetch HPQ: failed with KeyError (attempt 1/3), retrying in 1.0s...
20:55:05  ERROR     Error processing FNB: database is locked
20:55:05  ERROR     Traceback for FNB:
Traceback (most recent call last):
  File "C:\Users\1\OneDrive\Desktop\claudeSkillsTest\swing-trading-dashboard\backend\main.py", line 400, in _process
    await save_sr_zones(DB_PATH, scan_ts, ticker, zones)
  File "C:\Users\1\OneDrive\Desktop\claudeSkillsTest\swing-trading-dashboard\backend\database.py", line 224, in save_sr_zones
    await db.executemany(
  File "C:\python310\lib\site-packages\aiosqlite\core.py", line 249, in executemany
    cursor = await self._execute(self._conn.executemany, sql, parameters)
  File "C:\python310\lib\site-packages\aiosqlite\core.py", line 160, in _execute
    return await future
  File "C:\python310\lib\site-packages\aiosqlite\core.py", line 63, in _connection_worker_thread
    result = function()
sqlite3.OperationalError: database is locked

20:55:05  INFO        PULLBACK HE      entry=385.20 (relaxed)
20:55:06  ERROR     Error processing FOX: database is locked
20:55:06  ERROR     Traceback for FOX:
Traceback (most recent call last):
  File "C:\Users\1\OneDrive\Desktop\claudeSkillsTest\swing-trading-dashboard\backend\main.py", line 400, in _process
    await save_sr_zones(DB_PATH, scan_ts, ticker, zones)
  File "C:\Users\1\OneDrive\Desktop\claudeSkillsTest\swing-trading-dashboard\backend\database.py", line 224, in save_sr_zones
    await db.executemany(
  File "C:\python310\lib\site-packages\aiosqlite\core.py", line 249, in executemany
    cursor = await self._execute(self._conn.executemany, sql, parameters)
  File "C:\python310\lib\site-packages\aiosqlite\core.py", line 160, in _execute
    return await future
  File "C:\python310\lib\site-packages\aiosqlite\core.py", line 63, in _connection_worker_thread
    result = function()
sqlite3.OperationalError: database is locked

INFO:     127.0.0.1:51973 - "GET /api/scan-status HTTP/1.1" 200 OK
20:55:07  ERROR     Error processing GCT: database is locked
20:55:07  ERROR     Traceback for GCT:
Traceback (most recent call last):
  File "C:\Users\1\OneDrive\Desktop\claudeSkillsTest\swing-trading-dashboard\backend\main.py", line 400, in _process
    await save_sr_zones(DB_PATH, scan_ts, ticker, zones)
  File "C:\Users\1\OneDrive\Desktop\claudeSkillsTest\swing-trading-dashboard\backend\database.py", line 224, in save_sr_zones
    await db.executemany(
  File "C:\python310\lib\site-packages\aiosqlite\core.py", line 249, in executemany
    cursor = await self._execute(self._conn.executemany, sql, parameters)
  File "C:\python310\lib\site-packages\aiosqlite\core.py", line 160, in _execute
    return await future
  File "C:\python310\lib\site-packages\aiosqlite\core.py", line 63, in _connection_worker_thread
    result = function()
sqlite3.OperationalError: database is locked

20:55:07  ERROR     Error processing GDS: database is locked
20:55:07  ERROR     Traceback for GDS:
Traceback (most recent call last):
  File "C:\Users\1\OneDrive\Desktop\claudeSkillsTest\swing-trading-dashboard\backend\main.py", line 400, in _process
    await save_sr_zones(DB_PATH, scan_ts, ticker, zones)
  File "C:\Users\1\OneDrive\Desktop\claudeSkillsTest\swing-trading-dashboard\backend\database.py", line 224, in save_sr_zones
    await db.executemany(
  File "C:\python310\lib\site-packages\aiosqlite\core.py", line 249, in executemany
    cursor = await self._execute(self._conn.executemany, sql, parameters)
  File "C:\python310\lib\site-packages\aiosqlite\core.py", line 160, in _execute
    return await future
  File "C:\python310\lib\site-packages\aiosqlite\core.py", line 63, in _connection_worker_thread
    result = function()
sqlite3.OperationalError: database is locked

20:55:07  INFO        PULLBACK IBKR    entry=74.82 (relaxed)
20:55:08  ERROR     Error processing GGG: database is locked
20:55:08  ERROR     Traceback for GGG:
Traceback (most recent call last):
  File "C:\Users\1\OneDrive\Desktop\claudeSkillsTest\swing-trading-dashboard\backend\main.py", line 400, in _process
    await save_sr_zones(DB_PATH, scan_ts, ticker, zones)
  File "C:\Users\1\OneDrive\Desktop\claudeSkillsTest\swing-trading-dashboard\backend\database.py", line 224, in save_sr_zones
    await db.executemany(
  File "C:\python310\lib\site-packages\aiosqlite\core.py", line 249, in executemany
    cursor = await self._execute(self._conn.executemany, sql, parameters)
  File "C:\python310\lib\site-packages\aiosqlite\core.py", line 160, in _execute
    return await future
  File "C:\python310\lib\site-packages\aiosqlite\core.py", line 63, in _connection_worker_thread
    result = function()
sqlite3.OperationalError: database is locked

20:55:08  INFO        BASE     IMAX    FLAT_BASE  Q=7  entry=37.90
20:55:08  INFO        PULLBACK HOMB    entry=29.46 (relaxed)
20:55:10  ERROR     Error processing H: database is locked
20:55:10  ERROR     Traceback for H:
Traceback (most recent call last):
  File "C:\Users\1\OneDrive\Desktop\claudeSkillsTest\swing-trading-dashboard\backend\main.py", line 400, in _process
    await save_sr_zones(DB_PATH, scan_ts, ticker, zones)
  File "C:\Users\1\OneDrive\Desktop\claudeSkillsTest\swing-trading-dashboard\backend\database.py", line 224, in save_sr_zones
    await db.executemany(
  File "C:\python310\lib\site-packages\aiosqlite\core.py", line 249, in executemany
    cursor = await self._execute(self._conn.executemany, sql, parameters)
  File "C:\python310\lib\site-packages\aiosqlite\core.py", line 160, in _execute
    return await future
  File "C:\python310\lib\site-packages\aiosqlite\core.py", line 63, in _connection_worker_thread
    result = function()
sqlite3.OperationalError: database is locked

20:55:10  INFO        NEAR     KDP     dist=0.6%
20:55:10  INFO        BASE     KEX     FLAT_BASE  Q=10  entry=131.07
20:55:11  ERROR     Error processing HRI: database is locked
20:55:11  ERROR     Traceback for HRI:
Traceback (most recent call last):
  File "C:\Users\1\OneDrive\Desktop\claudeSkillsTest\swing-trading-dashboard\backend\main.py", line 400, in _process
    await save_sr_zones(DB_PATH, scan_ts, ticker, zones)
  File "C:\Users\1\OneDrive\Desktop\claudeSkillsTest\swing-trading-dashboard\backend\database.py", line 224, in save_sr_zones
    await db.executemany(
  File "C:\python310\lib\site-packages\aiosqlite\core.py", line 249, in executemany
    cursor = await self._execute(self._conn.executemany, sql, parameters)
  File "C:\python310\lib\site-packages\aiosqlite\core.py", line 160, in _execute
    return await future
  File "C:\python310\lib\site-packages\aiosqlite\core.py", line 63, in _connection_worker_thread
    result = function()
sqlite3.OperationalError: database is locked

20:55:12  INFO        NEAR     LAMR    dist=0.2%
20:55:12  INFO        NEAR     LASR    dist=0.2%
20:55:12  ERROR     Error processing HTBK: database is locked
20:55:12  ERROR     Traceback for HTBK:
Traceback (most recent call last):
  File "C:\Users\1\OneDrive\Desktop\claudeSkillsTest\swing-trading-dashboard\backend\main.py", line 400, in _process
    await save_sr_zones(DB_PATH, scan_ts, ticker, zones)
  File "C:\Users\1\OneDrive\Desktop\claudeSkillsTest\swing-trading-dashboard\backend\database.py", line 224, in save_sr_zones
    await db.executemany(
  File "C:\python310\lib\site-packages\aiosqlite\core.py", line 249, in executemany
    cursor = await self._execute(self._conn.executemany, sql, parameters)
  File "C:\python310\lib\site-packages\aiosqlite\core.py", line 160, in _execute
    return await future
  File "C:\python310\lib\site-packages\aiosqlite\core.py", line 63, in _connection_worker_thread
    result = function()
sqlite3.OperationalError: database is locked

20:55:12  INFO        NEAR     ITRI    dist=1.2%
20:55:13  INFO        PULLBACK LTH     entry=29.34 (relaxed)
20:55:13  INFO        NEAR     LULU    dist=1.1%
20:55:13  INFO        NEAR     LVS     dist=1.1%
20:55:14  ERROR     Error processing INTU: database is locked
20:55:14  ERROR     Traceback for INTU:
Traceback (most recent call last):
  File "C:\Users\1\OneDrive\Desktop\claudeSkillsTest\swing-trading-dashboard\backend\main.py", line 400, in _process
    await save_sr_zones(DB_PATH, scan_ts, ticker, zones)
  File "C:\Users\1\OneDrive\Desktop\claudeSkillsTest\swing-trading-dashboard\backend\database.py", line 224, in save_sr_zones
    await db.executemany(
  File "C:\python310\lib\site-packages\aiosqlite\core.py", line 249, in executemany
    cursor = await self._execute(self._conn.executemany, sql, parameters)
  File "C:\python310\lib\site-packages\aiosqlite\core.py", line 160, in _execute
    return await future
  File "C:\python310\lib\site-packages\aiosqlite\core.py", line 63, in _connection_worker_thread
    result = function()
sqlite3.OperationalError: database is locked

20:55:14  WARNING   Fetch MCHB: failed with KeyError (attempt 1/3), retrying in 1.0s...
20:55:14  INFO        NEAR     LUNR    dist=1.1%
20:55:14  INFO        NEAR     LVLU    dist=1.1%
20:55:14  INFO        BASE     MAMA    CUP_HANDLE  Q=25  entry=16.02
20:55:14  INFO        BASE     MANH    CUP_HANDLE  Q=25  entry=16.02
20:55:16  INFO        NEAR     MKC     dist=0.9%
20:55:17  INFO        BASE     MO      FLAT_BASE  Q=8  entry=68.06
20:55:17  INFO        BASE     MRK     FLAT_BASE  Q=9  entry=122.38
20:55:18  INFO        NEAR     MRVL    dist=1.2%
20:55:18  INFO        PULLBACK LTM     entry=29.34 (relaxed)
20:55:18  ERROR     Error processing LAUR: database is locked
20:55:18  ERROR     Traceback for LAUR:
Traceback (most recent call last):
  File "C:\Users\1\OneDrive\Desktop\claudeSkillsTest\swing-trading-dashboard\backend\main.py", line 400, in _process
    await save_sr_zones(DB_PATH, scan_ts, ticker, zones)
  File "C:\Users\1\OneDrive\Desktop\claudeSkillsTest\swing-trading-dashboard\backend\database.py", line 224, in save_sr_zones
    await db.executemany(
  File "C:\python310\lib\site-packages\aiosqlite\core.py", line 249, in executemany
    cursor = await self._execute(self._conn.executemany, sql, parameters)
  File "C:\python310\lib\site-packages\aiosqlite\core.py", line 160, in _execute
    return await future
  File "C:\python310\lib\site-packages\aiosqlite\core.py", line 63, in _connection_worker_thread
    result = function()
sqlite3.OperationalError: database is locked

20:55:18  INFO        NEAR     MTN     dist=1.5%
20:55:18  INFO        BASE     MORN    FLAT_BASE  Q=8  entry=68.06
20:55:19  ERROR     Error processing LEU: database is locked
20:55:19  ERROR     Traceback for LEU:
Traceback (most recent call last):
  File "C:\Users\1\OneDrive\Desktop\claudeSkillsTest\swing-trading-dashboard\backend\main.py", line 400, in _process
    await save_sr_zones(DB_PATH, scan_ts, ticker, zones)
  File "C:\Users\1\OneDrive\Desktop\claudeSkillsTest\swing-trading-dashboard\backend\database.py", line 224, in save_sr_zones
    await db.executemany(
  File "C:\python310\lib\site-packages\aiosqlite\core.py", line 249, in executemany
    cursor = await self._execute(self._conn.executemany, sql, parameters)
  File "C:\python310\lib\site-packages\aiosqlite\core.py", line 160, in _execute
    return await future
  File "C:\python310\lib\site-packages\aiosqlite\core.py", line 63, in _connection_worker_thread
    result = function()
sqlite3.OperationalError: database is locked

20:55:19  INFO        BASE     NEA     FLAT_BASE  Q=30  entry=11.82
20:55:19  ERROR     Error processing LNG: database is locked
20:55:19  ERROR     Traceback for LNG:
Traceback (most recent call last):
  File "C:\Users\1\OneDrive\Desktop\claudeSkillsTest\swing-trading-dashboard\backend\main.py", line 400, in _process
    await save_sr_zones(DB_PATH, scan_ts, ticker, zones)
  File "C:\Users\1\OneDrive\Desktop\claudeSkillsTest\swing-trading-dashboard\backend\database.py", line 224, in save_sr_zones
    await db.executemany(
  File "C:\python310\lib\site-packages\aiosqlite\core.py", line 249, in executemany
    cursor = await self._execute(self._conn.executemany, sql, parameters)
  File "C:\python310\lib\site-packages\aiosqlite\core.py", line 160, in _execute
    return await future
  File "C:\python310\lib\site-packages\aiosqlite\core.py", line 63, in _connection_worker_thread
    result = function()
sqlite3.OperationalError: database is locked

20:55:20  INFO        NEAR     MSFT    dist=1.2%
20:55:20  INFO        NEAR     MU      dist=1.5%
20:55:20  INFO        BASE     MANE    CUP_HANDLE  Q=25  entry=16.02
20:55:20  INFO        NEAR     MSDL    dist=1.2%
20:55:20  INFO        NEAR     MUFG    dist=1.5%
20:55:21  ERROR     Error processing MET: database is locked
20:55:21  ERROR     Traceback for MET:
Traceback (most recent call last):
  File "C:\Users\1\OneDrive\Desktop\claudeSkillsTest\swing-trading-dashboard\backend\main.py", line 400, in _process
    await save_sr_zones(DB_PATH, scan_ts, ticker, zones)
  File "C:\Users\1\OneDrive\Desktop\claudeSkillsTest\swing-trading-dashboard\backend\database.py", line 224, in save_sr_zones
    await db.executemany(
  File "C:\python310\lib\site-packages\aiosqlite\core.py", line 249, in executemany
    cursor = await self._execute(self._conn.executemany, sql, parameters)
  File "C:\python310\lib\site-packages\aiosqlite\core.py", line 160, in _execute
    return await future
  File "C:\python310\lib\site-packages\aiosqlite\core.py", line 63, in _connection_worker_thread
    result = function()
sqlite3.OperationalError: database is locked

20:55:21  INFO        BASE     NMZ     FLAT_BASE  Q=35  entry=10.64
20:55:21  ERROR     Error processing MFC: database is locked
20:55:21  ERROR     Traceback for MFC:
Traceback (most recent call last):
  File "C:\Users\1\OneDrive\Desktop\claudeSkillsTest\swing-trading-dashboard\backend\main.py", line 400, in _process
    await save_sr_zones(DB_PATH, scan_ts, ticker, zones)
  File "C:\Users\1\OneDrive\Desktop\claudeSkillsTest\swing-trading-dashboard\backend\database.py", line 224, in save_sr_zones
    await db.executemany(
  File "C:\python310\lib\site-packages\aiosqlite\core.py", line 249, in executemany
    cursor = await self._execute(self._conn.executemany, sql, parameters)
  File "C:\python310\lib\site-packages\aiosqlite\core.py", line 160, in _execute
    return await future
  File "C:\python310\lib\site-packages\aiosqlite\core.py", line 63, in _connection_worker_thread
    result = function()
sqlite3.OperationalError: database is locked

20:55:21  ERROR     Error processing MGA: database is locked
20:55:21  ERROR     Traceback for MGA:
Traceback (most recent call last):
  File "C:\Users\1\OneDrive\Desktop\claudeSkillsTest\swing-trading-dashboard\backend\main.py", line 400, in _process
    await save_sr_zones(DB_PATH, scan_ts, ticker, zones)
  File "C:\Users\1\OneDrive\Desktop\claudeSkillsTest\swing-trading-dashboard\backend\database.py", line 224, in save_sr_zones
    await db.executemany(
  File "C:\python310\lib\site-packages\aiosqlite\core.py", line 249, in executemany
    cursor = await self._execute(self._conn.executemany, sql, parameters)
  File "C:\python310\lib\site-packages\aiosqlite\core.py", line 160, in _execute
    return await future
  File "C:\python310\lib\site-packages\aiosqlite\core.py", line 63, in _connection_worker_thread
    result = function()
sqlite3.OperationalError: database is locked

20:55:23  ERROR     Error processing MPLX: database is locked
20:55:23  ERROR     Traceback for MPLX:
Traceback (most recent call last):
  File "C:\Users\1\OneDrive\Desktop\claudeSkillsTest\swing-trading-dashboard\backend\main.py", line 400, in _process
    await save_sr_zones(DB_PATH, scan_ts, ticker, zones)
  File "C:\Users\1\OneDrive\Desktop\claudeSkillsTest\swing-trading-dashboard\backend\database.py", line 224, in save_sr_zones
    await db.executemany(
  File "C:\python310\lib\site-packages\aiosqlite\core.py", line 249, in executemany
    cursor = await self._execute(self._conn.executemany, sql, parameters)
  File "C:\python310\lib\site-packages\aiosqlite\core.py", line 160, in _execute
    return await future
  File "C:\python310\lib\site-packages\aiosqlite\core.py", line 63, in _connection_worker_thread
    result = function()
sqlite3.OperationalError: database is locked

20:55:23  INFO        VCP      OTIS    entry=94.66
20:55:23  ERROR     Error processing MSM: database is locked
20:55:23  ERROR     Traceback for MSM:
Traceback (most recent call last):
  File "C:\Users\1\OneDrive\Desktop\claudeSkillsTest\swing-trading-dashboard\backend\main.py", line 400, in _process
    await save_sr_zones(DB_PATH, scan_ts, ticker, zones)
  File "C:\Users\1\OneDrive\Desktop\claudeSkillsTest\swing-trading-dashboard\backend\database.py", line 224, in save_sr_zones
    await db.executemany(
  File "C:\python310\lib\site-packages\aiosqlite\core.py", line 249, in executemany
    cursor = await self._execute(self._conn.executemany, sql, parameters)
  File "C:\python310\lib\site-packages\aiosqlite\core.py", line 160, in _execute
    return await future
  File "C:\python310\lib\site-packages\aiosqlite\core.py", line 63, in _connection_worker_thread
    result = function()
sqlite3.OperationalError: database is locked

20:55:24  INFO        BASE     OS      FLAT_BASE  Q=34  entry=23.70
20:55:24  ERROR     Error processing NCLH: database is locked
20:55:24  ERROR     Traceback for NCLH:
Traceback (most recent call last):
  File "C:\Users\1\OneDrive\Desktop\claudeSkillsTest\swing-trading-dashboard\backend\main.py", line 400, in _process
    await save_sr_zones(DB_PATH, scan_ts, ticker, zones)
  File "C:\Users\1\OneDrive\Desktop\claudeSkillsTest\swing-trading-dashboard\backend\database.py", line 224, in save_sr_zones
    await db.executemany(
  File "C:\python310\lib\site-packages\aiosqlite\core.py", line 249, in executemany
    cursor = await self._execute(self._conn.executemany, sql, parameters)
  File "C:\python310\lib\site-packages\aiosqlite\core.py", line 160, in _execute
    return await future
  File "C:\python310\lib\site-packages\aiosqlite\core.py", line 63, in _connection_worker_thread
    result = function()
sqlite3.OperationalError: database is locked

20:55:24  ERROR     Error processing NDAQ: database is locked
20:55:24  ERROR     Traceback for NDAQ:
Traceback (most recent call last):
  File "C:\Users\1\OneDrive\Desktop\claudeSkillsTest\swing-trading-dashboard\backend\main.py", line 400, in _process
    await save_sr_zones(DB_PATH, scan_ts, ticker, zones)
  File "C:\Users\1\OneDrive\Desktop\claudeSkillsTest\swing-trading-dashboard\backend\database.py", line 224, in save_sr_zones
    await db.executemany(
  File "C:\python310\lib\site-packages\aiosqlite\core.py", line 249, in executemany
    cursor = await self._execute(self._conn.executemany, sql, parameters)
  File "C:\python310\lib\site-packages\aiosqlite\core.py", line 160, in _execute
    return await future
  File "C:\python310\lib\site-packages\aiosqlite\core.py", line 63, in _connection_worker_thread
    result = function()
sqlite3.OperationalError: database is locked

20:55:25  INFO        BASE     NZF     FLAT_BASE  Q=31  entry=12.98
20:55:25  INFO        BASE     PBR-A   CUP_HANDLE  Q=27  entry=14.77
20:55:25  ERROR     Error processing NOC: database is locked
20:55:25  ERROR     Traceback for NOC:
Traceback (most recent call last):
  File "C:\Users\1\OneDrive\Desktop\claudeSkillsTest\swing-trading-dashboard\backend\main.py", line 400, in _process
    await save_sr_zones(DB_PATH, scan_ts, ticker, zones)
  File "C:\Users\1\OneDrive\Desktop\claudeSkillsTest\swing-trading-dashboard\backend\database.py", line 224, in save_sr_zones
    await db.executemany(
  File "C:\python310\lib\site-packages\aiosqlite\core.py", line 249, in executemany
    cursor = await self._execute(self._conn.executemany, sql, parameters)
  File "C:\python310\lib\site-packages\aiosqlite\core.py", line 160, in _execute
    return await future
  File "C:\python310\lib\site-packages\aiosqlite\core.py", line 63, in _connection_worker_thread
    result = function()
sqlite3.OperationalError: database is locked

20:55:25  ERROR     Error processing NOV: database is locked
20:55:25  ERROR     Traceback for NOV:
Traceback (most recent call last):
  File "C:\Users\1\OneDrive\Desktop\claudeSkillsTest\swing-trading-dashboard\backend\main.py", line 400, in _process
    await save_sr_zones(DB_PATH, scan_ts, ticker, zones)
  File "C:\Users\1\OneDrive\Desktop\claudeSkillsTest\swing-trading-dashboard\backend\database.py", line 224, in save_sr_zones
    await db.executemany(
  File "C:\python310\lib\site-packages\aiosqlite\core.py", line 249, in executemany
    cursor = await self._execute(self._conn.executemany, sql, parameters)
  File "C:\python310\lib\site-packages\aiosqlite\core.py", line 160, in _execute
    return await future
  File "C:\python310\lib\site-packages\aiosqlite\core.py", line 63, in _connection_worker_thread
    result = function()
sqlite3.OperationalError: database is locked

20:55:26  INFO        BASE     PBR     CUP_HANDLE  Q=28  entry=15.85
20:55:27  INFO        VCP      PPL     entry=37.88
20:55:27  ERROR     Error processing NWG: database is locked
20:55:27  ERROR     Traceback for NWG:
Traceback (most recent call last):
  File "C:\Users\1\OneDrive\Desktop\claudeSkillsTest\swing-trading-dashboard\backend\main.py", line 400, in _process
    await save_sr_zones(DB_PATH, scan_ts, ticker, zones)
  File "C:\Users\1\OneDrive\Desktop\claudeSkillsTest\swing-trading-dashboard\backend\database.py", line 224, in save_sr_zones
    await db.executemany(
  File "C:\python310\lib\site-packages\aiosqlite\core.py", line 249, in executemany
    cursor = await self._execute(self._conn.executemany, sql, parameters)
  File "C:\python310\lib\site-packages\aiosqlite\core.py", line 160, in _execute
    return await future
  File "C:\python310\lib\site-packages\aiosqlite\core.py", line 63, in _connection_worker_thread
    result = function()
sqlite3.OperationalError: database is locked

20:55:27  INFO        PULLBACK PPTA    entry=46.64 (relaxed)
20:55:27  INFO        PULLBACK POWI    entry=46.64 (relaxed)
20:55:27  ERROR     Error processing ODFL: database is locked
20:55:27  ERROR     Traceback for ODFL:
Traceback (most recent call last):
  File "C:\Users\1\OneDrive\Desktop\claudeSkillsTest\swing-trading-dashboard\backend\main.py", line 400, in _process
    await save_sr_zones(DB_PATH, scan_ts, ticker, zones)
  File "C:\Users\1\OneDrive\Desktop\claudeSkillsTest\swing-trading-dashboard\backend\database.py", line 224, in save_sr_zones
    await db.executemany(
  File "C:\python310\lib\site-packages\aiosqlite\core.py", line 249, in executemany
    cursor = await self._execute(self._conn.executemany, sql, parameters)
  File "C:\python310\lib\site-packages\aiosqlite\core.py", line 160, in _execute
    return await future
  File "C:\python310\lib\site-packages\aiosqlite\core.py", line 63, in _connection_worker_thread
    result = function()
sqlite3.OperationalError: database is locked

20:55:28  ERROR     Error processing OKTA: database is locked
20:55:28  ERROR     Traceback for OKTA:
Traceback (most recent call last):
  File "C:\Users\1\OneDrive\Desktop\claudeSkillsTest\swing-trading-dashboard\backend\main.py", line 400, in _process
    await save_sr_zones(DB_PATH, scan_ts, ticker, zones)
  File "C:\Users\1\OneDrive\Desktop\claudeSkillsTest\swing-trading-dashboard\backend\database.py", line 224, in save_sr_zones
    await db.executemany(
  File "C:\python310\lib\site-packages\aiosqlite\core.py", line 249, in executemany
    cursor = await self._execute(self._conn.executemany, sql, parameters)
  File "C:\python310\lib\site-packages\aiosqlite\core.py", line 160, in _execute
    return await future
  File "C:\python310\lib\site-packages\aiosqlite\core.py", line 63, in _connection_worker_thread
    result = function()
sqlite3.OperationalError: database is locked

20:55:28  INFO        PULLBACK PRMB    entry=18.83 (relaxed)
20:55:28  INFO        PULLBACK PSN     entry=18.83 (relaxed)
20:55:28  ERROR     Error processing OMER: database is locked
20:55:28  ERROR     Traceback for OMER:
Traceback (most recent call last):
  File "C:\Users\1\OneDrive\Desktop\claudeSkillsTest\swing-trading-dashboard\backend\main.py", line 400, in _process
    await save_sr_zones(DB_PATH, scan_ts, ticker, zones)
  File "C:\Users\1\OneDrive\Desktop\claudeSkillsTest\swing-trading-dashboard\backend\database.py", line 224, in save_sr_zones
    await db.executemany(
  File "C:\python310\lib\site-packages\aiosqlite\core.py", line 249, in executemany
    cursor = await self._execute(self._conn.executemany, sql, parameters)
  File "C:\python310\lib\site-packages\aiosqlite\core.py", line 160, in _execute
    return await future
  File "C:\python310\lib\site-packages\aiosqlite\core.py", line 63, in _connection_worker_thread
    result = function()
sqlite3.OperationalError: database is locked

20:55:29  ERROR     Error processing ORIC: database is locked
20:55:29  ERROR     Traceback for ORIC:
Traceback (most recent call last):
  File "C:\Users\1\OneDrive\Desktop\claudeSkillsTest\swing-trading-dashboard\backend\main.py", line 400, in _process
    await save_sr_zones(DB_PATH, scan_ts, ticker, zones)
  File "C:\Users\1\OneDrive\Desktop\claudeSkillsTest\swing-trading-dashboard\backend\database.py", line 224, in save_sr_zones
    await db.executemany(
  File "C:\python310\lib\site-packages\aiosqlite\core.py", line 249, in executemany
    cursor = await self._execute(self._conn.executemany, sql, parameters)
  File "C:\python310\lib\site-packages\aiosqlite\core.py", line 160, in _execute
    return await future
  File "C:\python310\lib\site-packages\aiosqlite\core.py", line 63, in _connection_worker_thread
    result = function()
sqlite3.OperationalError: database is locked

20:55:29  ERROR     Error processing ONON: database is locked
20:55:29  ERROR     Traceback for ONON:
Traceback (most recent call last):
  File "C:\Users\1\OneDrive\Desktop\claudeSkillsTest\swing-trading-dashboard\backend\main.py", line 400, in _process
    await save_sr_zones(DB_PATH, scan_ts, ticker, zones)
  File "C:\Users\1\OneDrive\Desktop\claudeSkillsTest\swing-trading-dashboard\backend\database.py", line 224, in save_sr_zones
    await db.executemany(
  File "C:\python310\lib\site-packages\aiosqlite\core.py", line 249, in executemany
    cursor = await self._execute(self._conn.executemany, sql, parameters)
  File "C:\python310\lib\site-packages\aiosqlite\core.py", line 160, in _execute
    return await future
  File "C:\python310\lib\site-packages\aiosqlite\core.py", line 63, in _connection_worker_thread
    result = function()
sqlite3.OperationalError: database is locked

20:55:29  ERROR     Error processing OSCR: database is locked
20:55:29  ERROR     Traceback for OSCR:
Traceback (most recent call last):
  File "C:\Users\1\OneDrive\Desktop\claudeSkillsTest\swing-trading-dashboard\backend\main.py", line 400, in _process
    await save_sr_zones(DB_PATH, scan_ts, ticker, zones)
  File "C:\Users\1\OneDrive\Desktop\claudeSkillsTest\swing-trading-dashboard\backend\database.py", line 224, in save_sr_zones
    await db.executemany(
  File "C:\python310\lib\site-packages\aiosqlite\core.py", line 249, in executemany
    cursor = await self._execute(self._conn.executemany, sql, parameters)
  File "C:\python310\lib\site-packages\aiosqlite\core.py", line 160, in _execute
    return await future
  File "C:\python310\lib\site-packages\aiosqlite\core.py", line 63, in _connection_worker_thread
    result = function()
sqlite3.OperationalError: database is locked

20:55:29  ERROR     Error processing OPRA: database is locked
20:55:29  ERROR     Traceback for OPRA:
Traceback (most recent call last):
  File "C:\Users\1\OneDrive\Desktop\claudeSkillsTest\swing-trading-dashboard\backend\main.py", line 400, in _process
    await save_sr_zones(DB_PATH, scan_ts, ticker, zones)
  File "C:\Users\1\OneDrive\Desktop\claudeSkillsTest\swing-trading-dashboard\backend\database.py", line 224, in save_sr_zones
    await db.executemany(
  File "C:\python310\lib\site-packages\aiosqlite\core.py", line 249, in executemany
    cursor = await self._execute(self._conn.executemany, sql, parameters)
  File "C:\python310\lib\site-packages\aiosqlite\core.py", line 160, in _execute
    return await future
  File "C:\python310\lib\site-packages\aiosqlite\core.py", line 63, in _connection_worker_thread
    result = function()
sqlite3.OperationalError: database is locked

20:55:30  INFO        NEAR     RBA     dist=0.9%
20:55:31  ERROR     Error processing PH: database is locked
20:55:31  ERROR     Traceback for PH:
Traceback (most recent call last):
  File "C:\Users\1\OneDrive\Desktop\claudeSkillsTest\swing-trading-dashboard\backend\main.py", line 400, in _process
    await save_sr_zones(DB_PATH, scan_ts, ticker, zones)
  File "C:\Users\1\OneDrive\Desktop\claudeSkillsTest\swing-trading-dashboard\backend\database.py", line 224, in save_sr_zones
    await db.executemany(
  File "C:\python310\lib\site-packages\aiosqlite\core.py", line 249, in executemany
    cursor = await self._execute(self._conn.executemany, sql, parameters)
  File "C:\python310\lib\site-packages\aiosqlite\core.py", line 160, in _execute
    return await future
  File "C:\python310\lib\site-packages\aiosqlite\core.py", line 63, in _connection_worker_thread
    result = function()
sqlite3.OperationalError: database is locked

20:55:32  INFO        PULLBACK RMD     entry=259.46 (relaxed)
20:55:32  INFO        NEAR     SCI     dist=1.2%
20:55:33  INFO        VCP      PRAX    entry=37.88
20:55:33  INFO        NEAR     RDN     dist=1.2%
20:55:34  ERROR     Error processing PTY: database is locked
20:55:34  ERROR     Traceback for PTY:
Traceback (most recent call last):
  File "C:\Users\1\OneDrive\Desktop\claudeSkillsTest\swing-trading-dashboard\backend\main.py", line 400, in _process
    await save_sr_zones(DB_PATH, scan_ts, ticker, zones)
  File "C:\Users\1\OneDrive\Desktop\claudeSkillsTest\swing-trading-dashboard\backend\database.py", line 224, in save_sr_zones
    await db.executemany(
  File "C:\python310\lib\site-packages\aiosqlite\core.py", line 249, in executemany
    cursor = await self._execute(self._conn.executemany, sql, parameters)
  File "C:\python310\lib\site-packages\aiosqlite\core.py", line 160, in _execute
    return await future
  File "C:\python310\lib\site-packages\aiosqlite\core.py", line 63, in _connection_worker_thread
    result = function()
sqlite3.OperationalError: database is locked

20:55:34  ERROR     Error processing QBTS: database is locked
20:55:34  ERROR     Traceback for QBTS:
Traceback (most recent call last):
  File "C:\Users\1\OneDrive\Desktop\claudeSkillsTest\swing-trading-dashboard\backend\main.py", line 400, in _process
    await save_sr_zones(DB_PATH, scan_ts, ticker, zones)
  File "C:\Users\1\OneDrive\Desktop\claudeSkillsTest\swing-trading-dashboard\backend\database.py", line 224, in save_sr_zones
    await db.executemany(
  File "C:\python310\lib\site-packages\aiosqlite\core.py", line 249, in executemany
    cursor = await self._execute(self._conn.executemany, sql, parameters)
  File "C:\python310\lib\site-packages\aiosqlite\core.py", line 160, in _execute
    return await future
  File "C:\python310\lib\site-packages\aiosqlite\core.py", line 63, in _connection_worker_thread
    result = function()
sqlite3.OperationalError: database is locked

20:55:34  ERROR     Error processing QLYS: database is locked
20:55:34  ERROR     Traceback for QLYS:
Traceback (most recent call last):
  File "C:\Users\1\OneDrive\Desktop\claudeSkillsTest\swing-trading-dashboard\backend\main.py", line 400, in _process
    await save_sr_zones(DB_PATH, scan_ts, ticker, zones)
  File "C:\Users\1\OneDrive\Desktop\claudeSkillsTest\swing-trading-dashboard\backend\database.py", line 224, in save_sr_zones
    await db.executemany(
  File "C:\python310\lib\site-packages\aiosqlite\core.py", line 249, in executemany
    cursor = await self._execute(self._conn.executemany, sql, parameters)
  File "C:\python310\lib\site-packages\aiosqlite\core.py", line 160, in _execute
    return await future
  File "C:\python310\lib\site-packages\aiosqlite\core.py", line 63, in _connection_worker_thread
    result = function()
sqlite3.OperationalError: database is locked

20:55:34  ERROR     Error processing QDEL: database is locked
20:55:34  ERROR     Traceback for QDEL:
Traceback (most recent call last):
  File "C:\Users\1\OneDrive\Desktop\claudeSkillsTest\swing-trading-dashboard\backend\main.py", line 400, in _process
    await save_sr_zones(DB_PATH, scan_ts, ticker, zones)
  File "C:\Users\1\OneDrive\Desktop\claudeSkillsTest\swing-trading-dashboard\backend\database.py", line 224, in save_sr_zones
    await db.executemany(
  File "C:\python310\lib\site-packages\aiosqlite\core.py", line 249, in executemany
    cursor = await self._execute(self._conn.executemany, sql, parameters)
  File "C:\python310\lib\site-packages\aiosqlite\core.py", line 160, in _execute
    return await future
  File "C:\python310\lib\site-packages\aiosqlite\core.py", line 63, in _connection_worker_thread
    result = function()
sqlite3.OperationalError: database is locked

20:55:35  INFO        NEAR     SOFI    dist=0.7%
20:55:35  INFO        NEAR     SON     dist=1.2%
20:55:36  INFO        PULLBACK SNY     entry=165.72 (relaxed)
20:55:36  INFO        NEAR     SO      dist=0.7%
20:55:36  ERROR     Error processing ROST: database is locked
20:55:36  ERROR     Traceback for ROST:
Traceback (most recent call last):
  File "C:\Users\1\OneDrive\Desktop\claudeSkillsTest\swing-trading-dashboard\backend\main.py", line 400, in _process
    await save_sr_zones(DB_PATH, scan_ts, ticker, zones)
  File "C:\Users\1\OneDrive\Desktop\claudeSkillsTest\swing-trading-dashboard\backend\database.py", line 224, in save_sr_zones
    await db.executemany(
  File "C:\python310\lib\site-packages\aiosqlite\core.py", line 249, in executemany
    cursor = await self._execute(self._conn.executemany, sql, parameters)
  File "C:\python310\lib\site-packages\aiosqlite\core.py", line 160, in _execute
    return await future
  File "C:\python310\lib\site-packages\aiosqlite\core.py", line 63, in _connection_worker_thread
    result = function()
sqlite3.OperationalError: database is locked

20:55:37  INFO        NEAR     STAG    dist=1.3%
20:55:37  INFO        PULLBACK SNX     entry=165.72 (relaxed)
20:55:37  ERROR     Error processing ROP: database is locked
20:55:37  ERROR     Traceback for ROP:
Traceback (most recent call last):
  File "C:\Users\1\OneDrive\Desktop\claudeSkillsTest\swing-trading-dashboard\backend\main.py", line 400, in _process
    await save_sr_zones(DB_PATH, scan_ts, ticker, zones)
  File "C:\Users\1\OneDrive\Desktop\claudeSkillsTest\swing-trading-dashboard\backend\database.py", line 224, in save_sr_zones
    await db.executemany(
  File "C:\python310\lib\site-packages\aiosqlite\core.py", line 249, in executemany
    cursor = await self._execute(self._conn.executemany, sql, parameters)
  File "C:\python310\lib\site-packages\aiosqlite\core.py", line 160, in _execute
    return await future
  File "C:\python310\lib\site-packages\aiosqlite\core.py", line 63, in _connection_worker_thread
    result = function()
sqlite3.OperationalError: database is locked

20:55:37  INFO        NEAR     STNE    dist=1.3%
20:55:37  ERROR     Error processing RRC: database is locked
20:55:37  ERROR     Traceback for RRC:
Traceback (most recent call last):
  File "C:\Users\1\OneDrive\Desktop\claudeSkillsTest\swing-trading-dashboard\backend\main.py", line 400, in _process
    await save_sr_zones(DB_PATH, scan_ts, ticker, zones)
  File "C:\Users\1\OneDrive\Desktop\claudeSkillsTest\swing-trading-dashboard\backend\database.py", line 224, in save_sr_zones
    await db.executemany(
  File "C:\python310\lib\site-packages\aiosqlite\core.py", line 249, in executemany
    cursor = await self._execute(self._conn.executemany, sql, parameters)
  File "C:\python310\lib\site-packages\aiosqlite\core.py", line 160, in _execute
    return await future
  File "C:\python310\lib\site-packages\aiosqlite\core.py", line 63, in _connection_worker_thread
    result = function()
sqlite3.OperationalError: database is locked

20:55:37  INFO        NEAR     STAA    dist=1.3%
20:55:37  ERROR     Error processing RQI: database is locked
20:55:37  ERROR     Traceback for RQI:
Traceback (most recent call last):
  File "C:\Users\1\OneDrive\Desktop\claudeSkillsTest\swing-trading-dashboard\backend\main.py", line 400, in _process
    await save_sr_zones(DB_PATH, scan_ts, ticker, zones)
  File "C:\Users\1\OneDrive\Desktop\claudeSkillsTest\swing-trading-dashboard\backend\database.py", line 224, in save_sr_zones
    await db.executemany(
  File "C:\python310\lib\site-packages\aiosqlite\core.py", line 249, in executemany
    cursor = await self._execute(self._conn.executemany, sql, parameters)
  File "C:\python310\lib\site-packages\aiosqlite\core.py", line 160, in _execute
    return await future
  File "C:\python310\lib\site-packages\aiosqlite\core.py", line 63, in _connection_worker_thread
    result = function()
sqlite3.OperationalError: database is locked

20:55:37  ERROR     Error processing RTO: database is locked
20:55:37  ERROR     Traceback for RTO:
Traceback (most recent call last):
  File "C:\Users\1\OneDrive\Desktop\claudeSkillsTest\swing-trading-dashboard\backend\main.py", line 400, in _process
    await save_sr_zones(DB_PATH, scan_ts, ticker, zones)
  File "C:\Users\1\OneDrive\Desktop\claudeSkillsTest\swing-trading-dashboard\backend\database.py", line 224, in save_sr_zones
    await db.executemany(
  File "C:\python310\lib\site-packages\aiosqlite\core.py", line 249, in executemany
    cursor = await self._execute(self._conn.executemany, sql, parameters)
  File "C:\python310\lib\site-packages\aiosqlite\core.py", line 160, in _execute
    return await future
  File "C:\python310\lib\site-packages\aiosqlite\core.py", line 63, in _connection_worker_thread
    result = function()
sqlite3.OperationalError: database is locked

20:55:37  INFO        NEAR     STEL    dist=1.3%
20:55:38  ERROR     Error processing SAIC: database is locked
20:55:38  ERROR     Traceback for SAIC:
Traceback (most recent call last):
  File "C:\Users\1\OneDrive\Desktop\claudeSkillsTest\swing-trading-dashboard\backend\main.py", line 400, in _process
    await save_sr_zones(DB_PATH, scan_ts, ticker, zones)
  File "C:\Users\1\OneDrive\Desktop\claudeSkillsTest\swing-trading-dashboard\backend\database.py", line 224, in save_sr_zones
    await db.executemany(
  File "C:\python310\lib\site-packages\aiosqlite\core.py", line 249, in executemany
    cursor = await self._execute(self._conn.executemany, sql, parameters)
  File "C:\python310\lib\site-packages\aiosqlite\core.py", line 160, in _execute
    return await future
  File "C:\python310\lib\site-packages\aiosqlite\core.py", line 63, in _connection_worker_thread
    result = function()
sqlite3.OperationalError: database is locked

20:55:38  ERROR     Error processing SARO: database is locked
20:55:38  ERROR     Traceback for SARO:
Traceback (most recent call last):
  File "C:\Users\1\OneDrive\Desktop\claudeSkillsTest\swing-trading-dashboard\backend\main.py", line 400, in _process
    await save_sr_zones(DB_PATH, scan_ts, ticker, zones)
  File "C:\Users\1\OneDrive\Desktop\claudeSkillsTest\swing-trading-dashboard\backend\database.py", line 224, in save_sr_zones
    await db.executemany(
  File "C:\python310\lib\site-packages\aiosqlite\core.py", line 249, in executemany
    cursor = await self._execute(self._conn.executemany, sql, parameters)
  File "C:\python310\lib\site-packages\aiosqlite\core.py", line 160, in _execute
    return await future
  File "C:\python310\lib\site-packages\aiosqlite\core.py", line 63, in _connection_worker_thread
    result = function()
sqlite3.OperationalError: database is locked

20:55:38  ERROR     Error processing SBAC: database is locked
20:55:38  ERROR     Traceback for SBAC:
Traceback (most recent call last):
  File "C:\Users\1\OneDrive\Desktop\claudeSkillsTest\swing-trading-dashboard\backend\main.py", line 400, in _process
    await save_sr_zones(DB_PATH, scan_ts, ticker, zones)
  File "C:\Users\1\OneDrive\Desktop\claudeSkillsTest\swing-trading-dashboard\backend\database.py", line 224, in save_sr_zones
    await db.executemany(
  File "C:\python310\lib\site-packages\aiosqlite\core.py", line 249, in executemany
    cursor = await self._execute(self._conn.executemany, sql, parameters)
  File "C:\python310\lib\site-packages\aiosqlite\core.py", line 160, in _execute
    return await future
  File "C:\python310\lib\site-packages\aiosqlite\core.py", line 63, in _connection_worker_thread
    result = function()
sqlite3.OperationalError: database is locked

20:55:38  INFO        NEAR     SOLV    dist=1.2%
20:55:39  ERROR     Error processing SEI: database is locked
20:55:39  ERROR     Traceback for SEI:
Traceback (most recent call last):
  File "C:\Users\1\OneDrive\Desktop\claudeSkillsTest\swing-trading-dashboard\backend\main.py", line 400, in _process
    await save_sr_zones(DB_PATH, scan_ts, ticker, zones)
  File "C:\Users\1\OneDrive\Desktop\claudeSkillsTest\swing-trading-dashboard\backend\database.py", line 224, in save_sr_zones
    await db.executemany(
  File "C:\python310\lib\site-packages\aiosqlite\core.py", line 249, in executemany
    cursor = await self._execute(self._conn.executemany, sql, parameters)
  File "C:\python310\lib\site-packages\aiosqlite\core.py", line 160, in _execute
    return await future
  File "C:\python310\lib\site-packages\aiosqlite\core.py", line 63, in _connection_worker_thread
    result = function()
sqlite3.OperationalError: database is locked

20:55:39  ERROR     Error processing SEZL: database is locked
20:55:39  ERROR     Traceback for SEZL:
Traceback (most recent call last):
  File "C:\Users\1\OneDrive\Desktop\claudeSkillsTest\swing-trading-dashboard\backend\main.py", line 400, in _process
    await save_sr_zones(DB_PATH, scan_ts, ticker, zones)
  File "C:\Users\1\OneDrive\Desktop\claudeSkillsTest\swing-trading-dashboard\backend\database.py", line 224, in save_sr_zones
    await db.executemany(
  File "C:\python310\lib\site-packages\aiosqlite\core.py", line 249, in executemany
    cursor = await self._execute(self._conn.executemany, sql, parameters)
  File "C:\python310\lib\site-packages\aiosqlite\core.py", line 160, in _execute
    return await future
  File "C:\python310\lib\site-packages\aiosqlite\core.py", line 63, in _connection_worker_thread
    result = function()
sqlite3.OperationalError: database is locked

20:55:39  INFO        NEAR     SOBO    dist=0.7%
20:55:40  ERROR     Error processing SIMO: database is locked
20:55:40  ERROR     Traceback for SIMO:
Traceback (most recent call last):
  File "C:\Users\1\OneDrive\Desktop\claudeSkillsTest\swing-trading-dashboard\backend\main.py", line 400, in _process
    await save_sr_zones(DB_PATH, scan_ts, ticker, zones)
  File "C:\Users\1\OneDrive\Desktop\claudeSkillsTest\swing-trading-dashboard\backend\database.py", line 224, in save_sr_zones
    await db.executemany(
  File "C:\python310\lib\site-packages\aiosqlite\core.py", line 249, in executemany
    cursor = await self._execute(self._conn.executemany, sql, parameters)
  File "C:\python310\lib\site-packages\aiosqlite\core.py", line 160, in _execute
    return await future
  File "C:\python310\lib\site-packages\aiosqlite\core.py", line 63, in _connection_worker_thread
    result = function()
sqlite3.OperationalError: database is locked

20:55:40  INFO        NEAR     STWD    dist=0.6%
20:55:41  INFO        BASE     TTC     FLAT_BASE  Q=14  entry=101.86
20:55:41  INFO        BASE     SWBI    FLAT_BASE  Q=14  entry=12.02
20:55:42  ERROR     Error processing SPSC: database is locked
20:55:42  ERROR     Traceback for SPSC:
Traceback (most recent call last):
  File "C:\Users\1\OneDrive\Desktop\claudeSkillsTest\swing-trading-dashboard\backend\main.py", line 400, in _process
    await save_sr_zones(DB_PATH, scan_ts, ticker, zones)
  File "C:\Users\1\OneDrive\Desktop\claudeSkillsTest\swing-trading-dashboard\backend\database.py", line 224, in save_sr_zones
    await db.executemany(
  File "C:\python310\lib\site-packages\aiosqlite\core.py", line 249, in executemany
    cursor = await self._execute(self._conn.executemany, sql, parameters)
  File "C:\python310\lib\site-packages\aiosqlite\core.py", line 160, in _execute
    return await future
  File "C:\python310\lib\site-packages\aiosqlite\core.py", line 63, in _connection_worker_thread
    result = function()
sqlite3.OperationalError: database is locked

20:55:42  ERROR     Error processing SSRM: database is locked
20:55:42  ERROR     Traceback for SSRM:
Traceback (most recent call last):
  File "C:\Users\1\OneDrive\Desktop\claudeSkillsTest\swing-trading-dashboard\backend\main.py", line 400, in _process
    await save_sr_zones(DB_PATH, scan_ts, ticker, zones)
  File "C:\Users\1\OneDrive\Desktop\claudeSkillsTest\swing-trading-dashboard\backend\database.py", line 224, in save_sr_zones
    await db.executemany(
  File "C:\python310\lib\site-packages\aiosqlite\core.py", line 249, in executemany
    cursor = await self._execute(self._conn.executemany, sql, parameters)
  File "C:\python310\lib\site-packages\aiosqlite\core.py", line 160, in _execute
    return await future
  File "C:\python310\lib\site-packages\aiosqlite\core.py", line 63, in _connection_worker_thread
    result = function()
sqlite3.OperationalError: database is locked

20:55:43  INFO        PULLBACK UCB     entry=34.91 (relaxed)
20:55:43  ERROR     Error processing STX: database is locked
20:55:43  ERROR     Traceback for STX:
Traceback (most recent call last):
  File "C:\Users\1\OneDrive\Desktop\claudeSkillsTest\swing-trading-dashboard\backend\main.py", line 400, in _process
    await save_sr_zones(DB_PATH, scan_ts, ticker, zones)
  File "C:\Users\1\OneDrive\Desktop\claudeSkillsTest\swing-trading-dashboard\backend\database.py", line 224, in save_sr_zones
    await db.executemany(
  File "C:\python310\lib\site-packages\aiosqlite\core.py", line 249, in executemany
    cursor = await self._execute(self._conn.executemany, sql, parameters)
  File "C:\python310\lib\site-packages\aiosqlite\core.py", line 160, in _execute
    return await future
  File "C:\python310\lib\site-packages\aiosqlite\core.py", line 63, in _connection_worker_thread
    result = function()
sqlite3.OperationalError: database is locked

20:55:43  ERROR     Error processing SVV: database is locked
20:55:43  ERROR     Traceback for SVV:
Traceback (most recent call last):
  File "C:\Users\1\OneDrive\Desktop\claudeSkillsTest\swing-trading-dashboard\backend\main.py", line 400, in _process
    await save_sr_zones(DB_PATH, scan_ts, ticker, zones)
  File "C:\Users\1\OneDrive\Desktop\claudeSkillsTest\swing-trading-dashboard\backend\database.py", line 224, in save_sr_zones
    await db.executemany(
  File "C:\python310\lib\site-packages\aiosqlite\core.py", line 249, in executemany
    cursor = await self._execute(self._conn.executemany, sql, parameters)
  File "C:\python310\lib\site-packages\aiosqlite\core.py", line 160, in _execute
    return await future
  File "C:\python310\lib\site-packages\aiosqlite\core.py", line 63, in _connection_worker_thread
    result = function()
sqlite3.OperationalError: database is locked

20:55:44  ERROR     Error processing SYM: database is locked
20:55:44  ERROR     Traceback for SYM:
Traceback (most recent call last):
  File "C:\Users\1\OneDrive\Desktop\claudeSkillsTest\swing-trading-dashboard\backend\main.py", line 400, in _process
    await save_sr_zones(DB_PATH, scan_ts, ticker, zones)
  File "C:\Users\1\OneDrive\Desktop\claudeSkillsTest\swing-trading-dashboard\backend\database.py", line 224, in save_sr_zones
    await db.executemany(
  File "C:\python310\lib\site-packages\aiosqlite\core.py", line 249, in executemany
    cursor = await self._execute(self._conn.executemany, sql, parameters)
  File "C:\python310\lib\site-packages\aiosqlite\core.py", line 160, in _execute
    return await future
  File "C:\python310\lib\site-packages\aiosqlite\core.py", line 63, in _connection_worker_thread
    result = function()
sqlite3.OperationalError: database is locked

20:55:44  ERROR     Error processing TAC: database is locked
20:55:44  ERROR     Traceback for TAC:
Traceback (most recent call last):
  File "C:\Users\1\OneDrive\Desktop\claudeSkillsTest\swing-trading-dashboard\backend\main.py", line 400, in _process
    await save_sr_zones(DB_PATH, scan_ts, ticker, zones)
  File "C:\Users\1\OneDrive\Desktop\claudeSkillsTest\swing-trading-dashboard\backend\database.py", line 224, in save_sr_zones
    await db.executemany(
  File "C:\python310\lib\site-packages\aiosqlite\core.py", line 249, in executemany
    cursor = await self._execute(self._conn.executemany, sql, parameters)
  File "C:\python310\lib\site-packages\aiosqlite\core.py", line 160, in _execute
    return await future
  File "C:\python310\lib\site-packages\aiosqlite\core.py", line 63, in _connection_worker_thread
    result = function()
sqlite3.OperationalError: database is locked

20:55:47  INFO        NEAR     WTRG    dist=1.2%
20:55:49  ERROR     Error processing UNP: database is locked
20:55:49  ERROR     Traceback for UNP:
Traceback (most recent call last):
  File "C:\Users\1\OneDrive\Desktop\claudeSkillsTest\swing-trading-dashboard\backend\main.py", line 400, in _process
    await save_sr_zones(DB_PATH, scan_ts, ticker, zones)
  File "C:\Users\1\OneDrive\Desktop\claudeSkillsTest\swing-trading-dashboard\backend\database.py", line 224, in save_sr_zones
    await db.executemany(
  File "C:\python310\lib\site-packages\aiosqlite\core.py", line 249, in executemany
    cursor = await self._execute(self._conn.executemany, sql, parameters)
  File "C:\python310\lib\site-packages\aiosqlite\core.py", line 160, in _execute
    return await future
  File "C:\python310\lib\site-packages\aiosqlite\core.py", line 63, in _connection_worker_thread
    result = function()
sqlite3.OperationalError: database is locked

20:55:49  INFO        PULLBACK MCHB    entry=15.50 (relaxed)
20:55:49  ERROR     Error processing VC: database is locked
20:55:49  ERROR     Traceback for VC:
Traceback (most recent call last):
  File "C:\Users\1\OneDrive\Desktop\claudeSkillsTest\swing-trading-dashboard\backend\main.py", line 400, in _process
    await save_sr_zones(DB_PATH, scan_ts, ticker, zones)
  File "C:\Users\1\OneDrive\Desktop\claudeSkillsTest\swing-trading-dashboard\backend\database.py", line 224, in save_sr_zones
    await db.executemany(
  File "C:\python310\lib\site-packages\aiosqlite\core.py", line 249, in executemany
    cursor = await self._execute(self._conn.executemany, sql, parameters)
  File "C:\python310\lib\site-packages\aiosqlite\core.py", line 160, in _execute
    return await future
  File "C:\python310\lib\site-packages\aiosqlite\core.py", line 63, in _connection_worker_thread
    result = function()
sqlite3.OperationalError: database is locked

20:55:49  INFO        BASE     YUM     FLAT_BASE  Q=9  entry=163.49
20:55:49  INFO      Per-ticker processing completed  [76.3s]  vcp=3  pb=21  base=29  total_setups=108
20:55:49  INFO      Batch saved 108 setups to database  [0.0s]
20:55:49  INFO      \u2550\u2550\u2550\u2550\u2550\u2550\u2550\u2550\u2550\u2550\u2550\u2550\u2550\u2550\u2550\u2550\u2550\u2550\u2550\u2550\u2550\u2550\u2550\u2550\u2550\u2550\u2550\u2550\u2550\u2550\u2550\u2550\u2550\u2550\u2550\u2550\u2550\u2550\u2550\u2550\u2550\u2550\u2550\u2550\u2550\u2550\u2550\u2550\u2550\u2550\u2550\u2550\u2550\u2550\u2550\u2550\u2550
20:55:49  INFO      SECTOR SUMMARY  INSTITUTIONAL ROTATION ALERT
20:55:49  INFO      \u2550\u2550\u2550\u2550\u2550\u2550\u2550\u2550\u2550\u2550\u2550\u2550\u2550\u2550\u2550\u2550\u2550\u2550\u2550\u2550\u2550\u2550\u2550\u2550\u2550\u2550\u2550\u2550\u2550\u2550\u2550\u2550\u2550\u2550\u2550\u2550\u2550\u2550\u2550\u2550\u2550\u2550\u2550\u2550\u2550\u2550\u2550\u2550\u2550\u2550\u2550\u2550\u2550\u2550\u2550\u2550\u2550
20:55:49  INFO      \u2550\u2550\u2550\u2550\u2550\u2550\u2550\u2550\u2550\u2550\u2550\u2550\u2550\u2550\u2550\u2550\u2550\u2550\u2550\u2550\u2550\u2550\u2550\u2550\u2550\u2550\u2550\u2550\u2550\u2550\u2550\u2550\u2550\u2550\u2550\u2550\u2550\u2550\u2550\u2550\u2550\u2550\u2550\u2550\u2550\u2550\u2550\u2550\u2550\u2550\u2550\u2550\u2550\u2550\u2550\u2550\u2550
20:55:49  INFO      \u2713 DATA QUALITY: All 1915 tickers processed successfully (0 dropped)
20:55:49  INFO      \u2714 Scan complete  VCP=3  Pullbacks=21  Processed=1915/1915  Total=77.4s  (Regime=0.8s, SPY=0.3s, Process=76.3s)
INFO:     127.0.0.1:58733 - "GET /api/scan-status HTTP/1.1" 200 OK
INFO:     127.0.0.1:57330 - "GET /api/setups/vcp HTTP/1.1" 200 OK
INFO:     127.0.0.1:57341 - "GET /api/setups/pullback HTTP/1.1" 200 OK
INFO:     127.0.0.1:57967 - "GET /api/setups/base HTTP/1.1" 200 OK
