12:11:15  INFO      Loaded 809 sectors from sectors.json
INFO:     Started server process [45396]
INFO:     Waiting for application startup.
12:11:15  INFO      SQLite DB initialised at trading.db
INFO:     Application startup complete.
INFO:     Uvicorn running on http://0.0.0.0:5004 (Press CTRL+C to quit)
INFO:     127.0.0.1:51129 - "GET /api/health HTTP/1.1" 200 OK
INFO:     127.0.0.1:51137 - "POST /api/run-scan HTTP/1.1" 200 OK
12:11:20  INFO      \u25b6 Scan started  ts=2026-02-21T10:11:20  tickers=809
12:11:20  INFO      Engine 0: BULLISH  (SPY=689.43  EMA20=687.61)  [0.7s]
12:11:21  INFO      SPY fetch completed  [0.3s]
12:11:21  ERROR     Error processing AAPL: The truth value of a Series is ambiguous. Use a.empty, a.bool(), a.item(), a.any() or a.all().
12:11:21  ERROR     Error processing AVGO: The truth value of a Series is ambiguous. Use a.empty, a.bool(), a.item(), a.any() or a.all().
12:11:21  ERROR     Error processing ORLY: The truth value of a Series is ambiguous. Use a.empty, a.bool(), a.item(), a.any() or a.all().
12:11:21  ERROR     Error processing TSLA: The truth value of a Series is ambiguous. Use a.empty, a.bool(), a.item(), a.any() or a.all().
12:11:21  ERROR     Error processing NFLX: The truth value of a Series is ambiguous. Use a.empty, a.bool(), a.item(), a.any() or a.all().
12:11:21  INFO        NEAR     LULU    dist=1.1%
12:11:21  INFO        NEAR     NVDA    dist=0.3%
12:11:21  INFO        NEAR     KDP     dist=0.6%
12:11:21  ERROR     Error processing YUM: The truth value of a Series is ambiguous. Use a.empty, a.bool(), a.item(), a.any() or a.all().
12:11:21  ERROR     Error processing DG: The truth value of a Series is ambiguous. Use a.empty, a.bool(), a.item(), a.any() or a.all().
12:11:22  ERROR     Error processing MCD: The truth value of a Series is ambiguous. Use a.empty, a.bool(), a.item(), a.any() or a.all().
12:11:22  ERROR     Error processing BBY: The truth value of a Series is ambiguous. Use a.empty, a.bool(), a.item(), a.any() or a.all().
12:11:22  ERROR     Error processing TGT: The truth value of a Series is ambiguous. Use a.empty, a.bool(), a.item(), a.any() or a.all().
12:11:22  ERROR     Error processing GM: The truth value of a Series is ambiguous. Use a.empty, a.bool(), a.item(), a.any() or a.all().
12:11:22  INFO        PULLBACK HD      entry=385.20 (relaxed)
12:11:22  ERROR     Error processing DECK: The truth value of a Series is ambiguous. Use a.empty, a.bool(), a.item(), a.any() or a.all().
12:11:22  ERROR     Error processing LKQ: The truth value of a Series is ambiguous. Use a.empty, a.bool(), a.item(), a.any() or a.all().
12:11:22  ERROR     Error processing PVH: The truth value of a Series is ambiguous. Use a.empty, a.bool(), a.item(), a.any() or a.all().
12:11:22  ERROR     Error processing LEA: The truth value of a Series is ambiguous. Use a.empty, a.bool(), a.item(), a.any() or a.all().
12:11:22  ERROR     Error processing AMD: The truth value of a Series is ambiguous. Use a.empty, a.bool(), a.item(), a.any() or a.all().
12:11:22  ERROR     Error processing AMAT: The truth value of a Series is ambiguous. Use a.empty, a.bool(), a.item(), a.any() or a.all().
12:11:22  ERROR     Error processing MRVL: The truth value of a Series is ambiguous. Use a.empty, a.bool(), a.item(), a.any() or a.all().
12:11:22  ERROR     Error processing INTC: The truth value of a Series is ambiguous. Use a.empty, a.bool(), a.item(), a.any() or a.all().
12:11:22  ERROR     Error processing ADI: The truth value of a Series is ambiguous. Use a.empty, a.bool(), a.item(), a.any() or a.all().
12:11:23  ERROR     Error processing SWKS: The truth value of a Series is ambiguous. Use a.empty, a.bool(), a.item(), a.any() or a.all().
12:11:23  ERROR     Error processing COHR: The truth value of a Series is ambiguous. Use a.empty, a.bool(), a.item(), a.any() or a.all().
12:11:23  ERROR     Error processing MKSI: The truth value of a Series is ambiguous. Use a.empty, a.bool(), a.item(), a.any() or a.all().
12:11:23  ERROR     Error processing WOLF: The truth value of a Series is ambiguous. Use a.empty, a.bool(), a.item(), a.any() or a.all().
12:11:23  ERROR     Error processing CDNS: The truth value of a Series is ambiguous. Use a.empty, a.bool(), a.item(), a.any() or a.all().
12:11:23  ERROR     Error processing PANW: The truth value of a Series is ambiguous. Use a.empty, a.bool(), a.item(), a.any() or a.all().
INFO:     127.0.0.1:51408 - "GET /api/scan-status HTTP/1.1" 200 OK
12:11:23  ERROR     Error processing SNPS: The truth value of a Series is ambiguous. Use a.empty, a.bool(), a.item(), a.any() or a.all().
12:11:23  ERROR     Error processing FTNT: The truth value of a Series is ambiguous. Use a.empty, a.bool(), a.item(), a.any() or a.all().
12:11:23  ERROR     Error processing WDAY: The truth value of a Series is ambiguous. Use a.empty, a.bool(), a.item(), a.any() or a.all().
12:11:23  ERROR     Error processing ZS: The truth value of a Series is ambiguous. Use a.empty, a.bool(), a.item(), a.any() or a.all().
12:11:23  ERROR     Error processing DDOG: The truth value of a Series is ambiguous. Use a.empty, a.bool(), a.item(), a.any() or a.all().
12:11:23  ERROR     Error processing CRM: The truth value of a Series is ambiguous. Use a.empty, a.bool(), a.item(), a.any() or a.all().
12:11:23  ERROR     Error processing NOW: The truth value of a Series is ambiguous. Use a.empty, a.bool(), a.item(), a.any() or a.all().
12:11:23  ERROR     Error processing TTD: The truth value of a Series is ambiguous. Use a.empty, a.bool(), a.item(), a.any() or a.all().
12:11:23  ERROR     Error processing SAP: The truth value of a Series is ambiguous. Use a.empty, a.bool(), a.item(), a.any() or a.all().
12:11:23  ERROR     Error processing ORCL: The truth value of a Series is ambiguous. Use a.empty, a.bool(), a.item(), a.any() or a.all().
12:11:23  ERROR     Error processing CTSH: The truth value of a Series is ambiguous. Use a.empty, a.bool(), a.item(), a.any() or a.all().
12:11:23  ERROR     Error processing IBM: The truth value of a Series is ambiguous. Use a.empty, a.bool(), a.item(), a.any() or a.all().
12:11:24  ERROR     Error processing ACN: The truth value of a Series is ambiguous. Use a.empty, a.bool(), a.item(), a.any() or a.all().
12:11:24  ERROR     Error processing IDXX: The truth value of a Series is ambiguous. Use a.empty, a.bool(), a.item(), a.any() or a.all().
12:11:24  ERROR     Error processing SAIC: The truth value of a Series is ambiguous. Use a.empty, a.bool(), a.item(), a.any() or a.all().
12:11:24  ERROR     Error processing AMGN: The truth value of a Series is ambiguous. Use a.empty, a.bool(), a.item(), a.any() or a.all().
12:11:24  ERROR     Error processing ALGN: The truth value of a Series is ambiguous. Use a.empty, a.bool(), a.item(), a.any() or a.all().
12:11:24  ERROR     Error processing ABT: The truth value of a Series is ambiguous. Use a.empty, a.bool(), a.item(), a.any() or a.all().
12:11:24  ERROR     Error processing EW: The truth value of a Series is ambiguous. Use a.empty, a.bool(), a.item(), a.any() or a.all().
12:11:24  ERROR     Error processing HOLX: The truth value of a Series is ambiguous. Use a.empty, a.bool(), a.item(), a.any() or a.all().
12:11:24  ERROR     Error processing SYK: The truth value of a Series is ambiguous. Use a.empty, a.bool(), a.item(), a.any() or a.all().
12:11:24  ERROR     Error processing MDT: The truth value of a Series is ambiguous. Use a.empty, a.bool(), a.item(), a.any() or a.all().
12:11:24  ERROR     Error processing BSX: The truth value of a Series is ambiguous. Use a.empty, a.bool(), a.item(), a.any() or a.all().
12:11:24  ERROR     Error processing RMD: The truth value of a Series is ambiguous. Use a.empty, a.bool(), a.item(), a.any() or a.all().
12:11:24  ERROR     Error processing ISRG: The truth value of a Series is ambiguous. Use a.empty, a.bool(), a.item(), a.any() or a.all().
12:11:24  ERROR     Error processing PODD: The truth value of a Series is ambiguous. Use a.empty, a.bool(), a.item(), a.any() or a.all().
12:11:24  ERROR     HTTP Error 401: {"finance":{"result":null,"error":{"code":"Unauthorized","description":"Invalid Crumb"}}}
12:11:24  ERROR     Error processing NVST: The truth value of a Series is ambiguous. Use a.empty, a.bool(), a.item(), a.any() or a.all().
12:11:24  ERROR     Error processing ABBV: The truth value of a Series is ambiguous. Use a.empty, a.bool(), a.item(), a.any() or a.all().
12:11:25  ERROR     Error processing TECH: The truth value of a Series is ambiguous. Use a.empty, a.bool(), a.item(), a.any() or a.all().
12:11:25  ERROR     Error processing LLY: The truth value of a Series is ambiguous. Use a.empty, a.bool(), a.item(), a.any() or a.all().
12:11:25  ERROR     Error processing PFE: The truth value of a Series is ambiguous. Use a.empty, a.bool(), a.item(), a.any() or a.all().
12:11:25  ERROR     Error processing TFX: The truth value of a Series is ambiguous. Use a.empty, a.bool(), a.item(), a.any() or a.all().
12:11:25  ERROR     Error processing JNJ: The truth value of a Series is ambiguous. Use a.empty, a.bool(), a.item(), a.any() or a.all().
12:11:25  ERROR     Error processing XRAY: The truth value of a Series is ambiguous. Use a.empty, a.bool(), a.item(), a.any() or a.all().
12:11:25  ERROR     Error processing MRK: The truth value of a Series is ambiguous. Use a.empty, a.bool(), a.item(), a.any() or a.all().
12:11:25  ERROR     Error processing BMY: The truth value of a Series is ambiguous. Use a.empty, a.bool(), a.item(), a.any() or a.all().
12:11:25  ERROR     Error processing ZTS: The truth value of a Series is ambiguous. Use a.empty, a.bool(), a.item(), a.any() or a.all().
12:11:25  ERROR     Error processing PBH: The truth value of a Series is ambiguous. Use a.empty, a.bool(), a.item(), a.any() or a.all().
12:11:25  ERROR     Error processing VTRS: The truth value of a Series is ambiguous. Use a.empty, a.bool(), a.item(), a.any() or a.all().
12:11:25  ERROR     HTTP Error 401: {"finance":{"result":null,"error":{"code":"Unauthorized","description":"User is unable to access this feature - https://bit.ly/yahoo-finance-api-feedback"}}}
12:11:25  ERROR     
1 Failed download:
12:11:25  ERROR     ['SPLK']: TypeError("argument of type 'NoneType' is not iterable")
12:11:25  WARNING   Fetch SPLK: empty/None data (attempt 1/3), retrying in 1.0s...
12:11:25  ERROR     
1 Failed download:
12:11:25  ERROR     ['SPLK']: TypeError("argument of type 'NoneType' is not iterable")
12:11:25  ERROR     Error processing ADUS: The truth value of a Series is ambiguous. Use a.empty, a.bool(), a.item(), a.any() or a.all().
12:11:25  ERROR     Error processing ELV: The truth value of a Series is ambiguous. Use a.empty, a.bool(), a.item(), a.any() or a.all().
12:11:25  ERROR     Error processing HUM: The truth value of a Series is ambiguous. Use a.empty, a.bool(), a.item(), a.any() or a.all().
12:11:25  ERROR     Error processing CVS: The truth value of a Series is ambiguous. Use a.empty, a.bool(), a.item(), a.any() or a.all().
12:11:25  ERROR     Error processing HCA: The truth value of a Series is ambiguous. Use a.empty, a.bool(), a.item(), a.any() or a.all().
12:11:25  ERROR     Error processing CI: The truth value of a Series is ambiguous. Use a.empty, a.bool(), a.item(), a.any() or a.all().
12:11:26  ERROR     Error processing NHC: The truth value of a Series is ambiguous. Use a.empty, a.bool(), a.item(), a.any() or a.all().
12:11:26  ERROR     Error processing CHTR: The truth value of a Series is ambiguous. Use a.empty, a.bool(), a.item(), a.any() or a.all().
12:11:26  ERROR     Error processing VZ: The truth value of a Series is ambiguous. Use a.empty, a.bool(), a.item(), a.any() or a.all().
12:11:26  ERROR     Error processing SIRI: The truth value of a Series is ambiguous. Use a.empty, a.bool(), a.item(), a.any() or a.all().
12:11:26  ERROR     Error processing T: The truth value of a Series is ambiguous. Use a.empty, a.bool(), a.item(), a.any() or a.all().
12:11:26  ERROR     Error processing FOXA: The truth value of a Series is ambiguous. Use a.empty, a.bool(), a.item(), a.any() or a.all().
12:11:26  ERROR     Error processing FOX: The truth value of a Series is ambiguous. Use a.empty, a.bool(), a.item(), a.any() or a.all().
12:11:26  ERROR     Error processing NWS: The truth value of a Series is ambiguous. Use a.empty, a.bool(), a.item(), a.any() or a.all().
12:11:26  ERROR     Error processing DIS: The truth value of a Series is ambiguous. Use a.empty, a.bool(), a.item(), a.any() or a.all().
12:11:26  ERROR     Error processing NWSA: The truth value of a Series is ambiguous. Use a.empty, a.bool(), a.item(), a.any() or a.all().
12:11:26  ERROR     Error processing CMCSA: The truth value of a Series is ambiguous. Use a.empty, a.bool(), a.item(), a.any() or a.all().
12:11:26  ERROR     HTTP Error 401: {"finance":{"result":null,"error":{"code":"Unauthorized","description":"Invalid Crumb"}}}
12:11:26  ERROR     Error processing TTWO: The truth value of a Series is ambiguous. Use a.empty, a.bool(), a.item(), a.any() or a.all().
12:11:26  ERROR     Error processing WBD: The truth value of a Series is ambiguous. Use a.empty, a.bool(), a.item(), a.any() or a.all().
12:11:26  ERROR     Error processing LYV: The truth value of a Series is ambiguous. Use a.empty, a.bool(), a.item(), a.any() or a.all().
12:11:26  ERROR     Error processing NOC: The truth value of a Series is ambiguous. Use a.empty, a.bool(), a.item(), a.any() or a.all().
12:11:26  ERROR     Error processing LMT: The truth value of a Series is ambiguous. Use a.empty, a.bool(), a.item(), a.any() or a.all().
12:11:26  ERROR     Error processing RTX: The truth value of a Series is ambiguous. Use a.empty, a.bool(), a.item(), a.any() or a.all().
12:11:26  ERROR     Error processing GD: The truth value of a Series is ambiguous. Use a.empty, a.bool(), a.item(), a.any() or a.all().
12:11:26  ERROR     Error processing BA: The truth value of a Series is ambiguous. Use a.empty, a.bool(), a.item(), a.any() or a.all().
12:11:26  ERROR     Error processing HON: The truth value of a Series is ambiguous. Use a.empty, a.bool(), a.item(), a.any() or a.all().
12:11:26  ERROR     HTTP Error 401: {"finance":{"result":null,"error":{"code":"Unauthorized","description":"User is unable to access this feature - https://bit.ly/yahoo-finance-api-feedback"}}}
12:11:26  ERROR     
1 Failed download:
12:11:26  ERROR     ['ABMD']: TypeError("argument of type 'NoneType' is not iterable")
12:11:26  WARNING   Fetch ABMD: empty/None data (attempt 1/3), retrying in 1.0s...
12:11:26  ERROR     
1 Failed download:
12:11:26  ERROR     ['ABMD']: TypeError("argument of type 'NoneType' is not iterable")
12:11:26  ERROR     Error processing TDG: The truth value of a Series is ambiguous. Use a.empty, a.bool(), a.item(), a.any() or a.all().
12:11:26  ERROR     Error processing HII: The truth value of a Series is ambiguous. Use a.empty, a.bool(), a.item(), a.any() or a.all().
12:11:27  ERROR     Error processing EMR: The truth value of a Series is ambiguous. Use a.empty, a.bool(), a.item(), a.any() or a.all().
12:11:27  ERROR     Error processing PH: The truth value of a Series is ambiguous. Use a.empty, a.bool(), a.item(), a.any() or a.all().
12:11:27  ERROR     Error processing ROK: The truth value of a Series is ambiguous. Use a.empty, a.bool(), a.item(), a.any() or a.all().
12:11:27  ERROR     Error processing MMM: The truth value of a Series is ambiguous. Use a.empty, a.bool(), a.item(), a.any() or a.all().
12:11:27  ERROR     Error processing GNRC: The truth value of a Series is ambiguous. Use a.empty, a.bool(), a.item(), a.any() or a.all().
12:11:27  ERROR     Error processing FTV: The truth value of a Series is ambiguous. Use a.empty, a.bool(), a.item(), a.any() or a.all().
12:11:27  ERROR     Error processing AME: The truth value of a Series is ambiguous. Use a.empty, a.bool(), a.item(), a.any() or a.all().
12:11:27  ERROR     Error processing XYL: The truth value of a Series is ambiguous. Use a.empty, a.bool(), a.item(), a.any() or a.all().
12:11:27  ERROR     $ATVI: possibly delisted; no price data found  (period=1y) (Yahoo error = "No data found, symbol may be delisted")
12:11:27  ERROR     $L3T: possibly delisted; no price data found  (period=1y) (Yahoo error = "No data found, symbol may be delisted")
12:11:27  ERROR     
2 Failed downloads:
12:11:27  ERROR     
2 Failed downloads:
12:11:27  ERROR     ['ATVI', 'L3T']: possibly delisted; no price data found  (period=1y) (Yahoo error = "No data found, symbol may be delisted")
12:11:27  ERROR     ['ATVI', 'L3T']: possibly delisted; no price data found  (period=1y) (Yahoo error = "No data found, symbol may be delisted")
12:11:27  WARNING   Fetch ATVI: empty/None data (attempt 1/3), retrying in 1.0s...
12:11:27  WARNING   Fetch L3T: empty/None data (attempt 1/3), retrying in 1.0s...
12:11:27  ERROR     $PARA: possibly delisted; no price data found  (period=1y) (Yahoo error = "No data found, symbol may be delisted")
12:11:27  ERROR     
3 Failed downloads:
12:11:27  ERROR     ['ATVI', 'L3T', 'PARA']: possibly delisted; no price data found  (period=1y) (Yahoo error = "No data found, symbol may be delisted")
12:11:27  WARNING   Fetch PARA: empty/None data (attempt 1/3), retrying in 1.0s...
12:11:27  ERROR     
3 Failed downloads:
12:11:27  ERROR     ['ATVI', 'L3T', 'PARA']: possibly delisted; no price data found  (period=1y) (Yahoo error = "No data found, symbol may be delisted")
12:11:27  ERROR     
3 Failed downloads:
12:11:27  ERROR     Error processing ODFL: The truth value of a Series is ambiguous. Use a.empty, a.bool(), a.item(), a.any() or a.all().
12:11:27  ERROR     ['ATVI', 'L3T', 'PARA']: possibly delisted; no price data found  (period=1y) (Yahoo error = "No data found, symbol may be delisted")
12:11:27  ERROR     Error processing CSGP: The truth value of a Series is ambiguous. Use a.empty, a.bool(), a.item(), a.any() or a.all().
12:11:27  ERROR     Error processing RRX: The truth value of a Series is ambiguous. Use a.empty, a.bool(), a.item(), a.any() or a.all().
12:11:27  ERROR     Error processing UPS: The truth value of a Series is ambiguous. Use a.empty, a.bool(), a.item(), a.any() or a.all().
12:11:27  ERROR     Error processing XPO: The truth value of a Series is ambiguous. Use a.empty, a.bool(), a.item(), a.any() or a.all().
12:11:27  ERROR     Error processing UBER: The truth value of a Series is ambiguous. Use a.empty, a.bool(), a.item(), a.any() or a.all().
12:11:27  ERROR     Error processing LYFT: The truth value of a Series is ambiguous. Use a.empty, a.bool(), a.item(), a.any() or a.all().
12:11:28  ERROR     Error processing CPRT: The truth value of a Series is ambiguous. Use a.empty, a.bool(), a.item(), a.any() or a.all().
12:11:28  ERROR     Error processing CTAS: The truth value of a Series is ambiguous. Use a.empty, a.bool(), a.item(), a.any() or a.all().
12:11:28  ERROR     Error processing MSCI: The truth value of a Series is ambiguous. Use a.empty, a.bool(), a.item(), a.any() or a.all().
12:11:28  ERROR     Error processing PCAR: The truth value of a Series is ambiguous. Use a.empty, a.bool(), a.item(), a.any() or a.all().
12:11:28  ERROR     Error processing FAST: The truth value of a Series is ambiguous. Use a.empty, a.bool(), a.item(), a.any() or a.all().
12:11:28  ERROR     $IDEX: possibly delisted; no price data found  (period=1y) (Yahoo error = "No data found, symbol may be delisted")
12:11:28  ERROR     
1 Failed download:
12:11:28  ERROR     ['IDEX']: possibly delisted; no price data found  (period=1y) (Yahoo error = "No data found, symbol may be delisted")
12:11:28  WARNING   Fetch IDEX: empty/None data (attempt 1/3), retrying in 1.0s...
12:11:28  ERROR     
1 Failed download:
12:11:28  ERROR     ['IDEX']: possibly delisted; no price data found  (period=1y) (Yahoo error = "No data found, symbol may be delisted")
12:11:28  ERROR     Error processing COP: The truth value of a Series is ambiguous. Use a.empty, a.bool(), a.item(), a.any() or a.all().
12:11:28  ERROR     Error processing OXY: The truth value of a Series is ambiguous. Use a.empty, a.bool(), a.item(), a.any() or a.all().
12:11:28  ERROR     Error processing BKR: The truth value of a Series is ambiguous. Use a.empty, a.bool(), a.item(), a.any() or a.all().
12:11:28  ERROR     Error processing EOG: The truth value of a Series is ambiguous. Use a.empty, a.bool(), a.item(), a.any() or a.all().
12:11:28  ERROR     Error processing APA: The truth value of a Series is ambiguous. Use a.empty, a.bool(), a.item(), a.any() or a.all().
12:11:28  ERROR     Error processing VLO: The truth value of a Series is ambiguous. Use a.empty, a.bool(), a.item(), a.any() or a.all().
12:11:28  ERROR     Error processing PSX: The truth value of a Series is ambiguous. Use a.empty, a.bool(), a.item(), a.any() or a.all().
12:11:29  ERROR     Error processing CVI: The truth value of a Series is ambiguous. Use a.empty, a.bool(), a.item(), a.any() or a.all().
12:11:29  ERROR     Error processing MTDR: The truth value of a Series is ambiguous. Use a.empty, a.bool(), a.item(), a.any() or a.all().
12:11:29  ERROR     Error processing SM: The truth value of a Series is ambiguous. Use a.empty, a.bool(), a.item(), a.any() or a.all().
12:11:29  ERROR     Error processing OKE: The truth value of a Series is ambiguous. Use a.empty, a.bool(), a.item(), a.any() or a.all().
12:11:29  ERROR     Error processing CTRA: The truth value of a Series is ambiguous. Use a.empty, a.bool(), a.item(), a.any() or a.all().
12:11:29  ERROR     Error processing ET: The truth value of a Series is ambiguous. Use a.empty, a.bool(), a.item(), a.any() or a.all().
12:11:29  ERROR     Error processing KMI: The truth value of a Series is ambiguous. Use a.empty, a.bool(), a.item(), a.any() or a.all().
12:11:29  ERROR     Error processing WMB: The truth value of a Series is ambiguous. Use a.empty, a.bool(), a.item(), a.any() or a.all().
12:11:29  ERROR     $PXD: possibly delisted; no price data found  (period=1y) (Yahoo error = "No data found, symbol may be delisted")
12:11:29  ERROR     
1 Failed download:
12:11:29  ERROR     ['PXD']: possibly delisted; no price data found  (period=1y) (Yahoo error = "No data found, symbol may be delisted")
12:11:29  WARNING   Fetch PXD: empty/None data (attempt 1/3), retrying in 1.0s...
12:11:29  ERROR     $HES: possibly delisted; no price data found  (period=1y) (Yahoo error = "No data found, symbol may be delisted")
12:11:29  ERROR     
2 Failed downloads:
12:11:29  ERROR     ['PXD', 'HES']: possibly delisted; no price data found  (period=1y) (Yahoo error = "No data found, symbol may be delisted")
12:11:29  WARNING   Fetch HES: empty/None data (attempt 1/3), retrying in 1.0s...
12:11:29  ERROR     
2 Failed downloads:
12:11:29  ERROR     ['PXD', 'HES']: possibly delisted; no price data found  (period=1y) (Yahoo error = "No data found, symbol may be delisted")
12:11:29  ERROR     Error processing SO: The truth value of a Series is ambiguous. Use a.empty, a.bool(), a.item(), a.any() or a.all().
12:11:29  ERROR     
2 Failed downloads:
12:11:29  ERROR     ['PXD', 'HES']: possibly delisted; no price data found  (period=1y) (Yahoo error = "No data found, symbol may be delisted")
12:11:29  ERROR     Error processing D: The truth value of a Series is ambiguous. Use a.empty, a.bool(), a.item(), a.any() or a.all().
12:11:29  ERROR     
2 Failed downloads:
12:11:29  ERROR     ['PXD', 'HES']: possibly delisted; no price data found  (period=1y) (Yahoo error = "No data found, symbol may be delisted")
12:11:29  ERROR     
2 Failed downloads:
12:11:29  ERROR     ['PXD', 'HES']: possibly delisted; no price data found  (period=1y) (Yahoo error = "No data found, symbol may be delisted")
12:11:29  ERROR     Error processing NEE: The truth value of a Series is ambiguous. Use a.empty, a.bool(), a.item(), a.any() or a.all().
12:11:29  ERROR     Error processing DUK: The truth value of a Series is ambiguous. Use a.empty, a.bool(), a.item(), a.any() or a.all().
12:11:29  ERROR     
2 Failed downloads:
12:11:29  ERROR     ['PXD', 'HES']: possibly delisted; no price data found  (period=1y) (Yahoo error = "No data found, symbol may be delisted")
12:11:29  ERROR     Error processing AEP: The truth value of a Series is ambiguous. Use a.empty, a.bool(), a.item(), a.any() or a.all().
12:11:30  ERROR     $CPE: possibly delisted; no price data found  (period=1y) (Yahoo error = "No data found, symbol may be delisted")
12:11:30  ERROR     
1 Failed download:
12:11:30  ERROR     ['CPE']: possibly delisted; no price data found  (period=1y) (Yahoo error = "No data found, symbol may be delisted")
12:11:30  WARNING   Fetch CPE: empty/None data (attempt 1/3), retrying in 1.0s...
12:11:30  ERROR     
1 Failed download:
12:11:30  ERROR     ['CPE']: possibly delisted; no price data found  (period=1y) (Yahoo error = "No data found, symbol may be delisted")
12:11:30  ERROR     Error processing EIX: The truth value of a Series is ambiguous. Use a.empty, a.bool(), a.item(), a.any() or a.all().
12:11:30  ERROR     Error processing AWK: The truth value of a Series is ambiguous. Use a.empty, a.bool(), a.item(), a.any() or a.all().
12:11:30  ERROR     Error processing SRE: The truth value of a Series is ambiguous. Use a.empty, a.bool(), a.item(), a.any() or a.all().
12:11:30  ERROR     Error processing NI: The truth value of a Series is ambiguous. Use a.empty, a.bool(), a.item(), a.any() or a.all().
12:11:30  ERROR     Error processing CMS: The truth value of a Series is ambiguous. Use a.empty, a.bool(), a.item(), a.any() or a.all().
12:11:30  ERROR     $ENLC: possibly delisted; no price data found  (period=1y) (Yahoo error = "No data found, symbol may be delisted")
12:11:30  ERROR     
1 Failed download:
12:11:30  ERROR     ['ENLC']: possibly delisted; no price data found  (period=1y) (Yahoo error = "No data found, symbol may be delisted")
12:11:30  WARNING   Fetch ENLC: empty/None data (attempt 1/3), retrying in 1.0s...
12:11:31  ERROR     
1 Failed download:
12:11:31  ERROR     ['ENLC']: possibly delisted; no price data found  (period=1y) (Yahoo error = "No data found, symbol may be delisted")
12:11:31  ERROR     Error processing CEG: The truth value of a Series is ambiguous. Use a.empty, a.bool(), a.item(), a.any() or a.all().
12:11:31  ERROR     Error processing EVRG: The truth value of a Series is ambiguous. Use a.empty, a.bool(), a.item(), a.any() or a.all().
12:11:31  INFO        NEAR     WTRG    dist=1.2%
12:11:33  ERROR     Error processing MAA: The truth value of a Series is ambiguous. Use a.empty, a.bool(), a.item(), a.any() or a.all().
12:11:33  INFO        NEAR     CPT     dist=1.0%
12:11:33  ERROR     Error processing NNN: The truth value of a Series is ambiguous. Use a.empty, a.bool(), a.item(), a.any() or a.all().
12:11:33  ERROR     Error processing STAG: The truth value of a Series is ambiguous. Use a.empty, a.bool(), a.item(), a.any() or a.all().
12:11:33  ERROR     Error processing FR: The truth value of a Series is ambiguous. Use a.empty, a.bool(), a.item(), a.any() or a.all().
12:11:34  ERROR     $NXR: possibly delisted; no price data found  (period=1y) (Yahoo error = "No data found, symbol may be delisted")
12:11:34  ERROR     
1 Failed download:
12:11:34  ERROR     ['NXR']: possibly delisted; no price data found  (period=1y) (Yahoo error = "No data found, symbol may be delisted")
12:11:34  WARNING   Fetch NXR: empty/None data (attempt 1/3), retrying in 1.0s...
12:11:34  ERROR     
1 Failed download:
12:11:34  ERROR     ['NXR']: possibly delisted; no price data found  (period=1y) (Yahoo error = "No data found, symbol may be delisted")
12:11:34  ERROR     Error processing HR: The truth value of a Series is ambiguous. Use a.empty, a.bool(), a.item(), a.any() or a.all().
12:11:34  ERROR     
1 Failed download:
12:11:34  ERROR     ['NXR']: possibly delisted; no price data found  (period=1y) (Yahoo error = "No data found, symbol may be delisted")
12:11:34  ERROR     Error processing DOC: The truth value of a Series is ambiguous. Use a.empty, a.bool(), a.item(), a.any() or a.all().
12:11:34  ERROR     $DRE: possibly delisted; no price data found  (period=1y) (Yahoo error = "No data found, symbol may be delisted")
12:11:34  ERROR     
1 Failed download:
12:11:34  ERROR     ['DRE']: possibly delisted; no price data found  (period=1y) (Yahoo error = "No data found, symbol may be delisted")
12:11:34  WARNING   Fetch DRE: empty/None data (attempt 1/3), retrying in 1.0s...
12:11:34  ERROR     $PEAK: possibly delisted; no price data found  (period=1y) (Yahoo error = "No data found, symbol may be delisted")
12:11:34  ERROR     
2 Failed downloads:
12:11:34  ERROR     ['DRE', 'PEAK']: possibly delisted; no price data found  (period=1y) (Yahoo error = "No data found, symbol may be delisted")
12:11:34  WARNING   Fetch PEAK: empty/None data (attempt 1/3), retrying in 1.0s...
12:11:34  ERROR     
2 Failed downloads:
12:11:34  ERROR     ['DRE', 'PEAK']: possibly delisted; no price data found  (period=1y) (Yahoo error = "No data found, symbol may be delisted")
12:11:34  ERROR     Error processing SBAC: The truth value of a Series is ambiguous. Use a.empty, a.bool(), a.item(), a.any() or a.all().
INFO:     127.0.0.1:52202 - "GET /api/scan-status HTTP/1.1" 200 OK
12:11:38  ERROR     $PVTB: possibly delisted; no price data found  (period=1y)
12:11:38  ERROR     
1 Failed download:
12:11:38  ERROR     ['PVTB']: possibly delisted; no price data found  (period=1y)
12:11:38  ERROR     Error processing PVTB: The truth value of a Series is ambiguous. Use a.empty, a.bool(), a.item(), a.any() or a.all().
12:11:39  ERROR     Error processing BRK-B: The truth value of a Series is ambiguous. Use a.empty, a.bool(), a.item(), a.any() or a.all().
12:11:39  INFO        NEAR     IBOC    dist=0.6%
INFO:     127.0.0.1:52308 - "GET /api/scan-status HTTP/1.1" 200 OK
12:11:41  ERROR     Error processing FG: The truth value of a Series is ambiguous. Use a.empty, a.bool(), a.item(), a.any() or a.all().
12:11:45  ERROR     $SQ: possibly delisted; no price data found  (period=1y) (Yahoo error = "No data found, symbol may be delisted")
12:11:45  ERROR     
1 Failed download:
12:11:45  ERROR     ['SQ']: possibly delisted; no price data found  (period=1y) (Yahoo error = "No data found, symbol may be delisted")
12:11:45  WARNING   Fetch SQ: empty/None data (attempt 1/3), retrying in 1.0s...
12:11:45  ERROR     
1 Failed download:
12:11:45  ERROR     ['SQ']: possibly delisted; no price data found  (period=1y) (Yahoo error = "No data found, symbol may be delisted")
12:11:45  ERROR     Error processing SOFI: The truth value of a Series is ambiguous. Use a.empty, a.bool(), a.item(), a.any() or a.all().
INFO:     127.0.0.1:52409 - "GET /api/scan-status HTTP/1.1" 200 OK
12:11:49  INFO        PULLBACK SAM     entry=240.80 (relaxed)
INFO:     127.0.0.1:52464 - "GET /api/scan-status HTTP/1.1" 200 OK
INFO:     127.0.0.1:59002 - "GET /api/scan-status HTTP/1.1" 200 OK
12:11:58  INFO        PULLBACK WOR     entry=57.56 (relaxed)
INFO:     127.0.0.1:59048 - "GET /api/scan-status HTTP/1.1" 200 OK
12:12:00  ERROR     $AKS: possibly delisted; no price data found  (period=1y) (Yahoo error = "No data found, symbol may be delisted")
12:12:00  ERROR     
1 Failed download:
12:12:00  ERROR     ['AKS']: possibly delisted; no price data found  (period=1y) (Yahoo error = "No data found, symbol may be delisted")
12:12:00  WARNING   Fetch AKS: empty/None data (attempt 1/3), retrying in 1.0s...
INFO:     127.0.0.1:59059 - "GET /api/scan-status HTTP/1.1" 200 OK
INFO:     127.0.0.1:59066 - "GET /api/scan-status HTTP/1.1" 200 OK
INFO:     127.0.0.1:59073 - "GET /api/scan-status HTTP/1.1" 200 OK
INFO:     127.0.0.1:59079 - "GET /api/scan-status HTTP/1.1" 200 OK
INFO:     127.0.0.1:59088 - "GET /api/scan-status HTTP/1.1" 200 OK
INFO:     127.0.0.1:59093 - "GET /api/scan-status HTTP/1.1" 200 OK
INFO:     127.0.0.1:59101 - "GET /api/scan-status HTTP/1.1" 200 OK
INFO:     127.0.0.1:59106 - "GET /api/scan-status HTTP/1.1" 200 OK
INFO:     127.0.0.1:59115 - "GET /api/scan-status HTTP/1.1" 200 OK
INFO:     127.0.0.1:59123 - "GET /api/scan-status HTTP/1.1" 200 OK
INFO:     127.0.0.1:59131 - "GET /api/scan-status HTTP/1.1" 200 OK
INFO:     127.0.0.1:49329 - "GET /api/scan-status HTTP/1.1" 200 OK
INFO:     127.0.0.1:49337 - "GET /api/scan-status HTTP/1.1" 200 OK
INFO:     127.0.0.1:49343 - "GET /api/scan-status HTTP/1.1" 200 OK
