12:07:58  INFO      Loaded 809 sectors from sectors.json
INFO:     Started server process [50024]
INFO:     Waiting for application startup.
12:07:58  INFO      SQLite DB initialised at trading.db
INFO:     Application startup complete.
INFO:     Uvicorn running on http://0.0.0.0:5003 (Press CTRL+C to quit)
INFO:     127.0.0.1:58311 - "GET /api/health HTTP/1.1" 200 OK
INFO:     127.0.0.1:58266 - "POST /api/run-scan HTTP/1.1" 200 OK
12:08:03  INFO      \u25b6 Scan started  ts=2026-02-21T10:08:03  tickers=809
12:08:04  INFO      Engine 0: BULLISH  (SPY=689.43  EMA20=687.61)  [0.7s]
12:08:04  INFO      SPY fetch completed  [0.3s]
12:08:05  ERROR     Error processing GOOGL: The truth value of a Series is ambiguous. Use a.empty, a.bool(), a.item(), a.any() or a.all().
12:08:05  ERROR     Error processing NFLX: The truth value of a Series is ambiguous. Use a.empty, a.bool(), a.item(), a.any() or a.all().
12:08:05  ERROR     Error processing AVGO: The truth value of a Series is ambiguous. Use a.empty, a.bool(), a.item(), a.any() or a.all().
12:08:05  ERROR     Error processing COST: The truth value of a Series is ambiguous. Use a.empty, a.bool(), a.item(), a.any() or a.all().
12:08:05  ERROR     Error processing LULU: The truth value of a Series is ambiguous. Use a.empty, a.bool(), a.item(), a.any() or a.all().
12:08:05  ERROR     Error processing DLTR: The truth value of a Series is ambiguous. Use a.empty, a.bool(), a.item(), a.any() or a.all().
12:08:05  INFO        NEAR     NVDA    dist=0.3%
12:08:05  ERROR     Error processing MCD: The truth value of a Series is ambiguous. Use a.empty, a.bool(), a.item(), a.any() or a.all().
12:08:05  INFO        NEAR     KDP     dist=0.6%
12:08:05  ERROR     Error processing CMG: The truth value of a Series is ambiguous. Use a.empty, a.bool(), a.item(), a.any() or a.all().
12:08:05  ERROR     Error processing NKE: The truth value of a Series is ambiguous. Use a.empty, a.bool(), a.item(), a.any() or a.all().
12:08:05  ERROR     Error processing DPZ: The truth value of a Series is ambiguous. Use a.empty, a.bool(), a.item(), a.any() or a.all().
12:08:05  ERROR     Error processing TJX: The truth value of a Series is ambiguous. Use a.empty, a.bool(), a.item(), a.any() or a.all().
12:08:05  ERROR     Error processing HD: The truth value of a Series is ambiguous. Use a.empty, a.bool(), a.item(), a.any() or a.all().
12:08:05  ERROR     Error processing TGT: The truth value of a Series is ambiguous. Use a.empty, a.bool(), a.item(), a.any() or a.all().
12:08:05  ERROR     Error processing TSCO: The truth value of a Series is ambiguous. Use a.empty, a.bool(), a.item(), a.any() or a.all().
12:08:05  ERROR     Error processing F: The truth value of a Series is ambiguous. Use a.empty, a.bool(), a.item(), a.any() or a.all().
12:08:06  ERROR     Error processing MAT: The truth value of a Series is ambiguous. Use a.empty, a.bool(), a.item(), a.any() or a.all().
12:08:06  ERROR     Error processing TPR: The truth value of a Series is ambiguous. Use a.empty, a.bool(), a.item(), a.any() or a.all().
12:08:06  ERROR     Error processing VFC: The truth value of a Series is ambiguous. Use a.empty, a.bool(), a.item(), a.any() or a.all().
12:08:06  ERROR     Error processing LEA: The truth value of a Series is ambiguous. Use a.empty, a.bool(), a.item(), a.any() or a.all().
12:08:06  ERROR     Error processing AMAT: The truth value of a Series is ambiguous. Use a.empty, a.bool(), a.item(), a.any() or a.all().
INFO:     127.0.0.1:49856 - "GET /api/scan-status HTTP/1.1" 200 OK
12:08:06  ERROR     Error processing MU: The truth value of a Series is ambiguous. Use a.empty, a.bool(), a.item(), a.any() or a.all().
12:08:06  ERROR     Error processing MCHP: The truth value of a Series is ambiguous. Use a.empty, a.bool(), a.item(), a.any() or a.all().
12:08:06  ERROR     Error processing ON: The truth value of a Series is ambiguous. Use a.empty, a.bool(), a.item(), a.any() or a.all().
12:08:06  ERROR     Error processing INTC: The truth value of a Series is ambiguous. Use a.empty, a.bool(), a.item(), a.any() or a.all().
12:08:06  ERROR     Error processing MKSI: The truth value of a Series is ambiguous. Use a.empty, a.bool(), a.item(), a.any() or a.all().
12:08:06  ERROR     Error processing ONTO: The truth value of a Series is ambiguous. Use a.empty, a.bool(), a.item(), a.any() or a.all().
12:08:06  ERROR     Error processing ACLS: The truth value of a Series is ambiguous. Use a.empty, a.bool(), a.item(), a.any() or a.all().
12:08:06  ERROR     Error processing WOLF: The truth value of a Series is ambiguous. Use a.empty, a.bool(), a.item(), a.any() or a.all().
12:08:06  INFO        NEAR     MRVL    dist=1.2%
12:08:07  ERROR     Error processing PANW: The truth value of a Series is ambiguous. Use a.empty, a.bool(), a.item(), a.any() or a.all().
12:08:07  ERROR     Error processing INTU: The truth value of a Series is ambiguous. Use a.empty, a.bool(), a.item(), a.any() or a.all().
12:08:07  ERROR     Error processing WDAY: The truth value of a Series is ambiguous. Use a.empty, a.bool(), a.item(), a.any() or a.all().
12:08:07  ERROR     Error processing ZS: The truth value of a Series is ambiguous. Use a.empty, a.bool(), a.item(), a.any() or a.all().
12:08:07  ERROR     Error processing TTD: The truth value of a Series is ambiguous. Use a.empty, a.bool(), a.item(), a.any() or a.all().
12:08:07  ERROR     Error processing NOW: The truth value of a Series is ambiguous. Use a.empty, a.bool(), a.item(), a.any() or a.all().
12:08:07  ERROR     Error processing FTNT: The truth value of a Series is ambiguous. Use a.empty, a.bool(), a.item(), a.any() or a.all().
12:08:07  ERROR     Error processing DDOG: The truth value of a Series is ambiguous. Use a.empty, a.bool(), a.item(), a.any() or a.all().
12:08:07  ERROR     Error processing CRM: The truth value of a Series is ambiguous. Use a.empty, a.bool(), a.item(), a.any() or a.all().
12:08:07  ERROR     Error processing SAP: The truth value of a Series is ambiguous. Use a.empty, a.bool(), a.item(), a.any() or a.all().
12:08:07  ERROR     Error processing ORCL: The truth value of a Series is ambiguous. Use a.empty, a.bool(), a.item(), a.any() or a.all().
12:08:07  ERROR     Error processing CTSH: The truth value of a Series is ambiguous. Use a.empty, a.bool(), a.item(), a.any() or a.all().
12:08:07  ERROR     Error processing IBM: The truth value of a Series is ambiguous. Use a.empty, a.bool(), a.item(), a.any() or a.all().
12:08:07  ERROR     Error processing ACN: The truth value of a Series is ambiguous. Use a.empty, a.bool(), a.item(), a.any() or a.all().
12:08:07  ERROR     Error processing GLOB: The truth value of a Series is ambiguous. Use a.empty, a.bool(), a.item(), a.any() or a.all().
12:08:07  ERROR     Error processing EPAM: The truth value of a Series is ambiguous. Use a.empty, a.bool(), a.item(), a.any() or a.all().
12:08:07  ERROR     Error processing LDOS: The truth value of a Series is ambiguous. Use a.empty, a.bool(), a.item(), a.any() or a.all().
12:08:07  ERROR     Error processing MRNA: The truth value of a Series is ambiguous. Use a.empty, a.bool(), a.item(), a.any() or a.all().
12:08:07  ERROR     Error processing BIIB: The truth value of a Series is ambiguous. Use a.empty, a.bool(), a.item(), a.any() or a.all().
12:08:07  ERROR     Error processing REGN: The truth value of a Series is ambiguous. Use a.empty, a.bool(), a.item(), a.any() or a.all().
12:08:07  ERROR     Error processing DXCM: The truth value of a Series is ambiguous. Use a.empty, a.bool(), a.item(), a.any() or a.all().
12:08:07  ERROR     Error processing GILD: The truth value of a Series is ambiguous. Use a.empty, a.bool(), a.item(), a.any() or a.all().
12:08:07  ERROR     Error processing VRTX: The truth value of a Series is ambiguous. Use a.empty, a.bool(), a.item(), a.any() or a.all().
12:08:07  ERROR     Error processing EW: The truth value of a Series is ambiguous. Use a.empty, a.bool(), a.item(), a.any() or a.all().
12:08:08  ERROR     Error processing SYK: The truth value of a Series is ambiguous. Use a.empty, a.bool(), a.item(), a.any() or a.all().
12:08:08  ERROR     Error processing BSX: The truth value of a Series is ambiguous. Use a.empty, a.bool(), a.item(), a.any() or a.all().
12:08:08  ERROR     Error processing HOLX: The truth value of a Series is ambiguous. Use a.empty, a.bool(), a.item(), a.any() or a.all().
12:08:08  ERROR     Error processing RMD: The truth value of a Series is ambiguous. Use a.empty, a.bool(), a.item(), a.any() or a.all().
12:08:08  ERROR     Error processing NVST: The truth value of a Series is ambiguous. Use a.empty, a.bool(), a.item(), a.any() or a.all().
12:08:08  ERROR     Error processing PODD: The truth value of a Series is ambiguous. Use a.empty, a.bool(), a.item(), a.any() or a.all().
12:08:08  ERROR     Error processing ZBH: The truth value of a Series is ambiguous. Use a.empty, a.bool(), a.item(), a.any() or a.all().
12:08:08  ERROR     Error processing ISRG: The truth value of a Series is ambiguous. Use a.empty, a.bool(), a.item(), a.any() or a.all().
12:08:08  ERROR     Error processing TECH: The truth value of a Series is ambiguous. Use a.empty, a.bool(), a.item(), a.any() or a.all().
12:08:08  ERROR     Error processing XRAY: The truth value of a Series is ambiguous. Use a.empty, a.bool(), a.item(), a.any() or a.all().
12:08:08  ERROR     Error processing HSIC: The truth value of a Series is ambiguous. Use a.empty, a.bool(), a.item(), a.any() or a.all().
12:08:08  ERROR     HTTP Error 401: {"finance":{"result":null,"error":{"code":"Unauthorized","description":"Invalid Crumb"}}}
12:08:08  ERROR     Error processing UNH: The truth value of a Series is ambiguous. Use a.empty, a.bool(), a.item(), a.any() or a.all().
12:08:08  ERROR     Error processing ZTS: The truth value of a Series is ambiguous. Use a.empty, a.bool(), a.item(), a.any() or a.all().
12:08:08  ERROR     Error processing ABBV: The truth value of a Series is ambiguous. Use a.empty, a.bool(), a.item(), a.any() or a.all().
12:08:08  ERROR     Error processing CVS: The truth value of a Series is ambiguous. Use a.empty, a.bool(), a.item(), a.any() or a.all().
12:08:08  ERROR     Error processing PFE: The truth value of a Series is ambiguous. Use a.empty, a.bool(), a.item(), a.any() or a.all().
12:08:08  ERROR     Error processing LLY: The truth value of a Series is ambiguous. Use a.empty, a.bool(), a.item(), a.any() or a.all().
12:08:08  ERROR     Error processing TFX: The truth value of a Series is ambiguous. Use a.empty, a.bool(), a.item(), a.any() or a.all().
12:08:08  ERROR     Error processing JNJ: The truth value of a Series is ambiguous. Use a.empty, a.bool(), a.item(), a.any() or a.all().
12:08:08  ERROR     Error processing BMY: The truth value of a Series is ambiguous. Use a.empty, a.bool(), a.item(), a.any() or a.all().
12:08:08  ERROR     Error processing MRK: The truth value of a Series is ambiguous. Use a.empty, a.bool(), a.item(), a.any() or a.all().
12:08:08  ERROR     Error processing VTRS: The truth value of a Series is ambiguous. Use a.empty, a.bool(), a.item(), a.any() or a.all().
12:08:08  ERROR     HTTP Error 401: {"finance":{"result":null,"error":{"code":"Unauthorized","description":"User is unable to access this feature - https://bit.ly/yahoo-finance-api-feedback"}}}
12:08:08  ERROR     
1 Failed download:
12:08:08  ERROR     ['SPLK']: TypeError("argument of type 'NoneType' is not iterable")
12:08:08  WARNING   Fetch SPLK: empty/None data (attempt 1/3), retrying in 1.0s...
12:08:08  ERROR     
1 Failed download:
12:08:08  ERROR     ['SPLK']: TypeError("argument of type 'NoneType' is not iterable")
12:08:08  ERROR     Error processing DVA: The truth value of a Series is ambiguous. Use a.empty, a.bool(), a.item(), a.any() or a.all().
12:08:08  ERROR     Error processing MOH: The truth value of a Series is ambiguous. Use a.empty, a.bool(), a.item(), a.any() or a.all().
12:08:08  ERROR     Error processing ELV: The truth value of a Series is ambiguous. Use a.empty, a.bool(), a.item(), a.any() or a.all().
12:08:09  ERROR     Error processing HUM: The truth value of a Series is ambiguous. Use a.empty, a.bool(), a.item(), a.any() or a.all().
12:08:09  ERROR     Error processing THC: The truth value of a Series is ambiguous. Use a.empty, a.bool(), a.item(), a.any() or a.all().
12:08:09  ERROR     Error processing ENSG: The truth value of a Series is ambiguous. Use a.empty, a.bool(), a.item(), a.any() or a.all().
12:08:09  ERROR     Error processing NHC: The truth value of a Series is ambiguous. Use a.empty, a.bool(), a.item(), a.any() or a.all().
12:08:09  ERROR     Error processing T: The truth value of a Series is ambiguous. Use a.empty, a.bool(), a.item(), a.any() or a.all().
12:08:09  ERROR     Error processing SIRI: The truth value of a Series is ambiguous. Use a.empty, a.bool(), a.item(), a.any() or a.all().
12:08:09  ERROR     Error processing CHTR: The truth value of a Series is ambiguous. Use a.empty, a.bool(), a.item(), a.any() or a.all().
12:08:09  ERROR     Error processing FOX: The truth value of a Series is ambiguous. Use a.empty, a.bool(), a.item(), a.any() or a.all().
12:08:09  ERROR     Error processing CMCSA: The truth value of a Series is ambiguous. Use a.empty, a.bool(), a.item(), a.any() or a.all().
12:08:09  ERROR     Error processing DIS: The truth value of a Series is ambiguous. Use a.empty, a.bool(), a.item(), a.any() or a.all().
12:08:09  ERROR     Error processing NWS: The truth value of a Series is ambiguous. Use a.empty, a.bool(), a.item(), a.any() or a.all().
12:08:09  ERROR     Error processing NWSA: The truth value of a Series is ambiguous. Use a.empty, a.bool(), a.item(), a.any() or a.all().
12:08:09  ERROR     Error processing FOXA: The truth value of a Series is ambiguous. Use a.empty, a.bool(), a.item(), a.any() or a.all().
12:08:09  ERROR     Error processing TTWO: The truth value of a Series is ambiguous. Use a.empty, a.bool(), a.item(), a.any() or a.all().
12:08:09  ERROR     Error processing EA: The truth value of a Series is ambiguous. Use a.empty, a.bool(), a.item(), a.any() or a.all().
12:08:09  ERROR     HTTP Error 401: {"finance":{"result":null,"error":{"code":"Unauthorized","description":"Invalid Crumb"}}}
12:08:09  ERROR     Error processing WBD: The truth value of a Series is ambiguous. Use a.empty, a.bool(), a.item(), a.any() or a.all().
12:08:09  ERROR     Error processing HII: The truth value of a Series is ambiguous. Use a.empty, a.bool(), a.item(), a.any() or a.all().
12:08:09  ERROR     Error processing NOC: The truth value of a Series is ambiguous. Use a.empty, a.bool(), a.item(), a.any() or a.all().
12:08:09  ERROR     Error processing LMT: The truth value of a Series is ambiguous. Use a.empty, a.bool(), a.item(), a.any() or a.all().
12:08:09  ERROR     Error processing BA: The truth value of a Series is ambiguous. Use a.empty, a.bool(), a.item(), a.any() or a.all().
12:08:09  ERROR     Error processing TDG: The truth value of a Series is ambiguous. Use a.empty, a.bool(), a.item(), a.any() or a.all().
12:08:09  ERROR     Error processing GD: The truth value of a Series is ambiguous. Use a.empty, a.bool(), a.item(), a.any() or a.all().
12:08:09  ERROR     Error processing HON: The truth value of a Series is ambiguous. Use a.empty, a.bool(), a.item(), a.any() or a.all().
12:08:09  ERROR     Error processing RTX: The truth value of a Series is ambiguous. Use a.empty, a.bool(), a.item(), a.any() or a.all().
12:08:09  ERROR     HTTP Error 401: {"finance":{"result":null,"error":{"code":"Unauthorized","description":"User is unable to access this feature - https://bit.ly/yahoo-finance-api-feedback"}}}
12:08:09  ERROR     
1 Failed download:
12:08:09  ERROR     ['ABMD']: TypeError("argument of type 'NoneType' is not iterable")
12:08:09  WARNING   Fetch ABMD: empty/None data (attempt 1/3), retrying in 1.0s...
12:08:09  ERROR     $ATVI: possibly delisted; no price data found  (period=1y) (Yahoo error = "No data found, symbol may be delisted")
12:08:09  ERROR     
2 Failed downloads:
12:08:09  ERROR     ['ABMD']: TypeError("argument of type 'NoneType' is not iterable")
12:08:09  ERROR     ['ATVI']: possibly delisted; no price data found  (period=1y) (Yahoo error = "No data found, symbol may be delisted")
12:08:09  WARNING   Fetch ATVI: empty/None data (attempt 1/3), retrying in 1.0s...
12:08:09  ERROR     
2 Failed downloads:
12:08:09  ERROR     ['ABMD']: TypeError("argument of type 'NoneType' is not iterable")
12:08:09  ERROR     ['ATVI']: possibly delisted; no price data found  (period=1y) (Yahoo error = "No data found, symbol may be delisted")
12:08:09  ERROR     Error processing AXON: The truth value of a Series is ambiguous. Use a.empty, a.bool(), a.item(), a.any() or a.all().
12:08:10  ERROR     Error processing DOV: The truth value of a Series is ambiguous. Use a.empty, a.bool(), a.item(), a.any() or a.all().
12:08:10  ERROR     Error processing GE: The truth value of a Series is ambiguous. Use a.empty, a.bool(), a.item(), a.any() or a.all().
12:08:10  ERROR     Error processing EMR: The truth value of a Series is ambiguous. Use a.empty, a.bool(), a.item(), a.any() or a.all().
12:08:10  ERROR     Error processing MMM: The truth value of a Series is ambiguous. Use a.empty, a.bool(), a.item(), a.any() or a.all().
12:08:10  ERROR     Error processing GNRC: The truth value of a Series is ambiguous. Use a.empty, a.bool(), a.item(), a.any() or a.all().
INFO:     127.0.0.1:53813 - "GET /api/scan-status HTTP/1.1" 200 OK
12:08:10  ERROR     Error processing XYL: The truth value of a Series is ambiguous. Use a.empty, a.bool(), a.item(), a.any() or a.all().
INFO:     127.0.0.1:53822 - "GET /api/scan-status HTTP/1.1" 200 OK
INFO:     127.0.0.1:53808 - "GET /api/regime HTTP/1.1" 200 OK
INFO:     127.0.0.1:61744 - "GET /api/regime HTTP/1.1" 200 OK
12:08:10  ERROR     Error processing RRX: The truth value of a Series is ambiguous. Use a.empty, a.bool(), a.item(), a.any() or a.all().
INFO:     127.0.0.1:53810 - "GET /api/setups/pullback HTTP/1.1" 200 OK
INFO:     127.0.0.1:53811 - "GET /api/watchlist HTTP/1.1" 200 OK
INFO:     127.0.0.1:53809 - "GET /api/setups/vcp HTTP/1.1" 200 OK
12:08:10  ERROR     Error processing CSGP: The truth value of a Series is ambiguous. Use a.empty, a.bool(), a.item(), a.any() or a.all().
INFO:     127.0.0.1:49799 - "GET /api/setups/pullback HTTP/1.1" 200 OK
INFO:     127.0.0.1:49801 - "GET /api/watchlist HTTP/1.1" 200 OK
INFO:     127.0.0.1:58377 - "GET /api/setups/vcp HTTP/1.1" 200 OK
12:08:10  ERROR     Error processing UPS: The truth value of a Series is ambiguous. Use a.empty, a.bool(), a.item(), a.any() or a.all().
12:08:10  ERROR     $PARA: possibly delisted; no price data found  (period=1y) (Yahoo error = "No data found, symbol may be delisted")
12:08:10  ERROR     
1 Failed download:
12:08:10  ERROR     ['PARA']: possibly delisted; no price data found  (period=1y) (Yahoo error = "No data found, symbol may be delisted")
12:08:10  WARNING   Fetch PARA: empty/None data (attempt 1/3), retrying in 1.0s...
12:08:10  ERROR     $L3T: possibly delisted; no price data found  (period=1y) (Yahoo error = "No data found, symbol may be delisted")
12:08:10  ERROR     
2 Failed downloads:
12:08:10  ERROR     ['PARA', 'L3T']: possibly delisted; no price data found  (period=1y) (Yahoo error = "No data found, symbol may be delisted")
12:08:10  WARNING   Fetch L3T: empty/None data (attempt 1/3), retrying in 1.0s...
12:08:10  ERROR     
2 Failed downloads:
12:08:10  ERROR     ['PARA', 'L3T']: possibly delisted; no price data found  (period=1y) (Yahoo error = "No data found, symbol may be delisted")
12:08:10  ERROR     Error processing XPO: The truth value of a Series is ambiguous. Use a.empty, a.bool(), a.item(), a.any() or a.all().
12:08:10  ERROR     Error processing FDX: The truth value of a Series is ambiguous. Use a.empty, a.bool(), a.item(), a.any() or a.all().
12:08:10  ERROR     Error processing EXPD: The truth value of a Series is ambiguous. Use a.empty, a.bool(), a.item(), a.any() or a.all().
12:08:10  ERROR     Error processing ODFL: The truth value of a Series is ambiguous. Use a.empty, a.bool(), a.item(), a.any() or a.all().
12:08:10  ERROR     Error processing CPRT: The truth value of a Series is ambiguous. Use a.empty, a.bool(), a.item(), a.any() or a.all().
12:08:10  ERROR     Error processing CTAS: The truth value of a Series is ambiguous. Use a.empty, a.bool(), a.item(), a.any() or a.all().
12:08:10  ERROR     Error processing MSCI: The truth value of a Series is ambiguous. Use a.empty, a.bool(), a.item(), a.any() or a.all().
12:08:11  ERROR     Error processing PCAR: The truth value of a Series is ambiguous. Use a.empty, a.bool(), a.item(), a.any() or a.all().
12:08:11  ERROR     Error processing NFG: The truth value of a Series is ambiguous. Use a.empty, a.bool(), a.item(), a.any() or a.all().
12:08:11  ERROR     Error processing FAST: The truth value of a Series is ambiguous. Use a.empty, a.bool(), a.item(), a.any() or a.all().
12:08:11  ERROR     $IDEX: possibly delisted; no price data found  (period=1y) (Yahoo error = "No data found, symbol may be delisted")
12:08:11  ERROR     
1 Failed download:
12:08:11  ERROR     ['IDEX']: possibly delisted; no price data found  (period=1y) (Yahoo error = "No data found, symbol may be delisted")
12:08:11  WARNING   Fetch IDEX: empty/None data (attempt 1/3), retrying in 1.0s...
12:08:11  ERROR     
1 Failed download:
12:08:11  ERROR     ['IDEX']: possibly delisted; no price data found  (period=1y) (Yahoo error = "No data found, symbol may be delisted")
12:08:11  ERROR     Error processing BKR: The truth value of a Series is ambiguous. Use a.empty, a.bool(), a.item(), a.any() or a.all().
12:08:11  ERROR     Error processing EOG: The truth value of a Series is ambiguous. Use a.empty, a.bool(), a.item(), a.any() or a.all().
12:08:11  ERROR     Error processing SLB: The truth value of a Series is ambiguous. Use a.empty, a.bool(), a.item(), a.any() or a.all().
12:08:11  ERROR     Error processing HAL: The truth value of a Series is ambiguous. Use a.empty, a.bool(), a.item(), a.any() or a.all().
12:08:11  ERROR     Error processing VLO: The truth value of a Series is ambiguous. Use a.empty, a.bool(), a.item(), a.any() or a.all().
12:08:11  ERROR     Error processing CVI: The truth value of a Series is ambiguous. Use a.empty, a.bool(), a.item(), a.any() or a.all().
12:08:11  ERROR     Error processing APA: The truth value of a Series is ambiguous. Use a.empty, a.bool(), a.item(), a.any() or a.all().
12:08:11  ERROR     Error processing MTDR: The truth value of a Series is ambiguous. Use a.empty, a.bool(), a.item(), a.any() or a.all().
12:08:11  ERROR     Error processing SM: The truth value of a Series is ambiguous. Use a.empty, a.bool(), a.item(), a.any() or a.all().
12:08:12  ERROR     Error processing TRGP: The truth value of a Series is ambiguous. Use a.empty, a.bool(), a.item(), a.any() or a.all().
12:08:12  ERROR     Error processing ET: The truth value of a Series is ambiguous. Use a.empty, a.bool(), a.item(), a.any() or a.all().
12:08:12  ERROR     Error processing WMB: The truth value of a Series is ambiguous. Use a.empty, a.bool(), a.item(), a.any() or a.all().
12:08:12  ERROR     Error processing DUK: The truth value of a Series is ambiguous. Use a.empty, a.bool(), a.item(), a.any() or a.all().
12:08:12  ERROR     Error processing SO: The truth value of a Series is ambiguous. Use a.empty, a.bool(), a.item(), a.any() or a.all().
12:08:12  ERROR     Error processing D: The truth value of a Series is ambiguous. Use a.empty, a.bool(), a.item(), a.any() or a.all().
12:08:12  ERROR     $HES: possibly delisted; no price data found  (period=1y) (Yahoo error = "No data found, symbol may be delisted")
12:08:12  ERROR     
1 Failed download:
12:08:12  ERROR     ['HES']: possibly delisted; no price data found  (period=1y) (Yahoo error = "No data found, symbol may be delisted")
12:08:12  WARNING   Fetch HES: empty/None data (attempt 1/3), retrying in 1.0s...
12:08:12  ERROR     $PXD: possibly delisted; no price data found  (period=1y) (Yahoo error = "No data found, symbol may be delisted")
12:08:12  ERROR     
2 Failed downloads:
12:08:12  ERROR     ['HES', 'PXD']: possibly delisted; no price data found  (period=1y) (Yahoo error = "No data found, symbol may be delisted")
12:08:12  WARNING   Fetch PXD: empty/None data (attempt 1/3), retrying in 1.0s...
12:08:12  ERROR     $CPE: possibly delisted; no price data found  (period=1y) (Yahoo error = "No data found, symbol may be delisted")
12:08:12  ERROR     
3 Failed downloads:
12:08:12  ERROR     ['HES', 'PXD', 'CPE']: possibly delisted; no price data found  (period=1y) (Yahoo error = "No data found, symbol may be delisted")
12:08:12  WARNING   Fetch CPE: empty/None data (attempt 1/3), retrying in 1.0s...
12:08:12  ERROR     
3 Failed downloads:
12:08:12  ERROR     ['HES', 'PXD', 'CPE']: possibly delisted; no price data found  (period=1y) (Yahoo error = "No data found, symbol may be delisted")
12:08:12  ERROR     Error processing SRE: The truth value of a Series is ambiguous. Use a.empty, a.bool(), a.item(), a.any() or a.all().
12:08:12  ERROR     Error processing PCG: The truth value of a Series is ambiguous. Use a.empty, a.bool(), a.item(), a.any() or a.all().
12:08:13  ERROR     Error processing CMS: The truth value of a Series is ambiguous. Use a.empty, a.bool(), a.item(), a.any() or a.all().
12:08:13  ERROR     Error processing ES: The truth value of a Series is ambiguous. Use a.empty, a.bool(), a.item(), a.any() or a.all().
12:08:13  ERROR     Error processing NI: The truth value of a Series is ambiguous. Use a.empty, a.bool(), a.item(), a.any() or a.all().
12:08:13  ERROR     Error processing AES: The truth value of a Series is ambiguous. Use a.empty, a.bool(), a.item(), a.any() or a.all().
12:08:13  ERROR     $ENLC: possibly delisted; no price data found  (period=1y) (Yahoo error = "No data found, symbol may be delisted")
12:08:13  ERROR     
1 Failed download:
12:08:13  ERROR     ['ENLC']: possibly delisted; no price data found  (period=1y) (Yahoo error = "No data found, symbol may be delisted")
12:08:13  WARNING   Fetch ENLC: empty/None data (attempt 1/3), retrying in 1.0s...
INFO:     127.0.0.1:54682 - "GET /api/scan-status HTTP/1.1" 200 OK
12:08:13  ERROR     
1 Failed download:
12:08:13  ERROR     ['ENLC']: possibly delisted; no price data found  (period=1y) (Yahoo error = "No data found, symbol may be delisted")
12:08:13  ERROR     Error processing CEG: The truth value of a Series is ambiguous. Use a.empty, a.bool(), a.item(), a.any() or a.all().
12:08:13  ERROR     Error processing WTRG: The truth value of a Series is ambiguous. Use a.empty, a.bool(), a.item(), a.any() or a.all().
12:08:14  ERROR     Error processing EQIX: The truth value of a Series is ambiguous. Use a.empty, a.bool(), a.item(), a.any() or a.all().
12:08:14  ERROR     Error processing IRM: The truth value of a Series is ambiguous. Use a.empty, a.bool(), a.item(), a.any() or a.all().
12:08:14  INFO        NEAR     CPT     dist=1.0%
12:08:15  ERROR     Error processing STAG: The truth value of a Series is ambiguous. Use a.empty, a.bool(), a.item(), a.any() or a.all().
12:08:15  ERROR     Error processing NNN: The truth value of a Series is ambiguous. Use a.empty, a.bool(), a.item(), a.any() or a.all().
12:08:15  ERROR     Error processing REXR: The truth value of a Series is ambiguous. Use a.empty, a.bool(), a.item(), a.any() or a.all().
INFO:     127.0.0.1:60259 - "GET /api/scan-status HTTP/1.1" 200 OK
12:08:15  ERROR     Error processing FR: The truth value of a Series is ambiguous. Use a.empty, a.bool(), a.item(), a.any() or a.all().
12:08:15  ERROR     $NXR: possibly delisted; no price data found  (period=1y) (Yahoo error = "No data found, symbol may be delisted")
12:08:15  ERROR     
1 Failed download:
12:08:15  ERROR     ['NXR']: possibly delisted; no price data found  (period=1y) (Yahoo error = "No data found, symbol may be delisted")
12:08:15  WARNING   Fetch NXR: empty/None data (attempt 1/3), retrying in 1.0s...
12:08:16  ERROR     
1 Failed download:
12:08:16  ERROR     ['NXR']: possibly delisted; no price data found  (period=1y) (Yahoo error = "No data found, symbol may be delisted")
12:08:16  ERROR     Error processing MPW: The truth value of a Series is ambiguous. Use a.empty, a.bool(), a.item(), a.any() or a.all().
12:08:16  INFO        VCP      DOC     entry=17.14
12:08:16  ERROR     Error processing AMH: The truth value of a Series is ambiguous. Use a.empty, a.bool(), a.item(), a.any() or a.all().
12:08:16  ERROR     $PEAK: possibly delisted; no price data found  (period=1y) (Yahoo error = "No data found, symbol may be delisted")
12:08:16  ERROR     
1 Failed download:
12:08:16  ERROR     ['PEAK']: possibly delisted; no price data found  (period=1y) (Yahoo error = "No data found, symbol may be delisted")
12:08:16  WARNING   Fetch PEAK: empty/None data (attempt 1/3), retrying in 1.0s...
12:08:16  ERROR     $DRE: possibly delisted; no price data found  (period=1y) (Yahoo error = "No data found, symbol may be delisted")
12:08:16  ERROR     
2 Failed downloads:
12:08:16  ERROR     ['PEAK', 'DRE']: possibly delisted; no price data found  (period=1y) (Yahoo error = "No data found, symbol may be delisted")
12:08:16  WARNING   Fetch DRE: empty/None data (attempt 1/3), retrying in 1.0s...
12:08:16  ERROR     
2 Failed downloads:
12:08:16  ERROR     ['PEAK', 'DRE']: possibly delisted; no price data found  (period=1y) (Yahoo error = "No data found, symbol may be delisted")
12:08:16  ERROR     Error processing INVH: The truth value of a Series is ambiguous. Use a.empty, a.bool(), a.item(), a.any() or a.all().
INFO:     127.0.0.1:52816 - "GET /api/scan-status HTTP/1.1" 200 OK
INFO:     127.0.0.1:53714 - "GET /api/scan-status HTTP/1.1" 200 OK
12:08:19  ERROR     Error processing SBNY: The truth value of a Series is ambiguous. Use a.empty, a.bool(), a.item(), a.any() or a.all().
12:08:20  ERROR     $PVTB: possibly delisted; no price data found  (period=1y)
12:08:20  ERROR     
1 Failed download:
12:08:20  ERROR     ['PVTB']: possibly delisted; no price data found  (period=1y)
12:08:20  WARNING   Fetch PVTB: empty/None data (attempt 1/3), retrying in 1.0s...
12:08:20  ERROR     
1 Failed download:
12:08:20  ERROR     ['PVTB']: possibly delisted; no price data found  (period=1y)
12:08:20  ERROR     Error processing BOKF: The truth value of a Series is ambiguous. Use a.empty, a.bool(), a.item(), a.any() or a.all().
INFO:     127.0.0.1:56624 - "GET /api/scan-status HTTP/1.1" 200 OK
12:08:21  INFO        NEAR     IBOC    dist=0.6%
INFO:     127.0.0.1:50545 - "GET /api/scan-status HTTP/1.1" 200 OK
INFO:     127.0.0.1:49609 - "GET /api/scan-status HTTP/1.1" 200 OK
INFO:     127.0.0.1:61902 - "GET /api/scan-status HTTP/1.1" 200 OK
INFO:     127.0.0.1:61907 - "GET /api/scan-status HTTP/1.1" 200 OK
INFO:     127.0.0.1:57101 - "GET /api/scan-status HTTP/1.1" 200 OK
12:08:31  ERROR     $SQ: possibly delisted; no price data found  (period=1y) (Yahoo error = "No data found, symbol may be delisted")
12:08:31  ERROR     
1 Failed download:
12:08:31  ERROR     ['SQ']: possibly delisted; no price data found  (period=1y) (Yahoo error = "No data found, symbol may be delisted")
12:08:31  WARNING   Fetch SQ: empty/None data (attempt 1/3), retrying in 1.0s...
INFO:     127.0.0.1:53047 - "GET /api/scan-status HTTP/1.1" 200 OK
INFO:     127.0.0.1:53051 - "GET /api/scan-status HTTP/1.1" 200 OK
INFO:     127.0.0.1:63216 - "GET /api/scan-status HTTP/1.1" 200 OK
INFO:     127.0.0.1:50920 - "GET /api/scan-status HTTP/1.1" 200 OK
INFO:     127.0.0.1:65357 - "GET /api/scan-status HTTP/1.1" 200 OK
INFO:     127.0.0.1:65360 - "GET /api/scan-status HTTP/1.1" 200 OK
INFO:     127.0.0.1:63053 - "GET /api/scan-status HTTP/1.1" 200 OK
INFO:     127.0.0.1:62942 - "GET /api/scan-status HTTP/1.1" 200 OK
INFO:     127.0.0.1:65250 - "GET /api/scan-status HTTP/1.1" 200 OK
INFO:     127.0.0.1:65253 - "GET /api/scan-status HTTP/1.1" 200 OK
INFO:     127.0.0.1:57952 - "GET /api/scan-status HTTP/1.1" 200 OK
INFO:     127.0.0.1:64352 - "GET /api/scan-status HTTP/1.1" 200 OK
INFO:     127.0.0.1:50661 - "GET /api/scan-status HTTP/1.1" 200 OK
INFO:     127.0.0.1:50664 - "GET /api/scan-status HTTP/1.1" 200 OK
INFO:     127.0.0.1:63914 - "GET /api/scan-status HTTP/1.1" 200 OK
INFO:     127.0.0.1:54852 - "GET /api/scan-status HTTP/1.1" 200 OK
INFO:     127.0.0.1:54856 - "GET /api/scan-status HTTP/1.1" 200 OK
INFO:     127.0.0.1:53772 - "GET /api/scan-status HTTP/1.1" 200 OK
INFO:     127.0.0.1:56071 - "GET /api/scan-status HTTP/1.1" 200 OK
INFO:     127.0.0.1:52062 - "GET /api/scan-status HTTP/1.1" 200 OK
INFO:     127.0.0.1:52066 - "GET /api/scan-status HTTP/1.1" 200 OK
INFO:     127.0.0.1:59789 - "GET /api/scan-status HTTP/1.1" 200 OK
INFO:     127.0.0.1:54202 - "GET /api/scan-status HTTP/1.1" 200 OK
INFO:     127.0.0.1:62704 - "GET /api/scan-status HTTP/1.1" 200 OK
INFO:     127.0.0.1:62706 - "GET /api/scan-status HTTP/1.1" 200 OK
INFO:     127.0.0.1:51506 - "GET /api/scan-status HTTP/1.1" 200 OK
INFO:     127.0.0.1:49519 - "GET /api/scan-status HTTP/1.1" 200 OK
INFO:     127.0.0.1:49523 - "GET /api/scan-status HTTP/1.1" 200 OK
INFO:     127.0.0.1:49531 - "GET /api/scan-status HTTP/1.1" 200 OK
INFO:     127.0.0.1:49540 - "GET /api/scan-status HTTP/1.1" 200 OK
INFO:     127.0.0.1:49548 - "GET /api/scan-status HTTP/1.1" 200 OK
INFO:     127.0.0.1:49554 - "GET /api/scan-status HTTP/1.1" 200 OK
INFO:     127.0.0.1:49564 - "GET /api/scan-status HTTP/1.1" 200 OK
INFO:     127.0.0.1:49577 - "GET /api/scan-status HTTP/1.1" 200 OK
INFO:     127.0.0.1:51448 - "GET /api/scan-status HTTP/1.1" 200 OK
INFO:     127.0.0.1:53216 - "GET /api/scan-status HTTP/1.1" 200 OK
INFO:     127.0.0.1:58970 - "GET /api/scan-status HTTP/1.1" 200 OK
INFO:     127.0.0.1:49324 - "GET /api/scan-status HTTP/1.1" 200 OK
INFO:     127.0.0.1:59932 - "GET /api/scan-status HTTP/1.1" 200 OK
INFO:     127.0.0.1:53370 - "GET /api/scan-status HTTP/1.1" 200 OK
INFO:     127.0.0.1:57520 - "GET /api/scan-status HTTP/1.1" 200 OK
INFO:     127.0.0.1:58339 - "GET /api/scan-status HTTP/1.1" 200 OK
